TN:
SF:src\App.tsx
FN:25,(anonymous_0)
FN:26,(anonymous_1)
FN:45,(anonymous_2)
FNF:3
FNH:0
FNDA:0,(anonymous_0)
FNDA:0,(anonymous_1)
FNDA:0,(anonymous_2)
DA:14,0
DA:25,0
DA:26,0
DA:27,0
DA:29,0
DA:45,0
DA:46,0
LF:7
LH:0
BRDA:27,0,0,0
BRDA:27,0,1,0
BRF:2
BRH:0
end_of_record
TN:
SF:src\components\Layout\MainLayout.tsx
FN:44,(anonymous_0)
FN:50,(anonymous_1)
FN:67,(anonymous_2)
FN:76,(anonymous_3)
FN:77,(anonymous_4)
FN:87,(anonymous_5)
FN:103,(anonymous_6)
FN:109,(anonymous_7)
FN:125,(anonymous_8)
FN:131,(anonymous_9)
FN:136,(anonymous_10)
FN:151,(anonymous_11)
FN:175,(anonymous_12)
FN:209,(anonymous_13)
FN:257,(anonymous_14)
FN:320,(anonymous_15)
FNF:16
FNH:0
FNDA:0,(anonymous_0)
FNDA:0,(anonymous_1)
FNDA:0,(anonymous_2)
FNDA:0,(anonymous_3)
FNDA:0,(anonymous_4)
FNDA:0,(anonymous_5)
FNDA:0,(anonymous_6)
FNDA:0,(anonymous_7)
FNDA:0,(anonymous_8)
FNDA:0,(anonymous_9)
FNDA:0,(anonymous_10)
FNDA:0,(anonymous_11)
FNDA:0,(anonymous_12)
FNDA:0,(anonymous_13)
FNDA:0,(anonymous_14)
FNDA:0,(anonymous_15)
DA:37,0
DA:38,0
DA:44,0
DA:45,0
DA:46,0
DA:47,0
DA:48,0
DA:50,0
DA:52,0
DA:53,0
DA:54,0
DA:64,0
DA:67,0
DA:68,0
DA:69,0
DA:71,0
DA:76,0
DA:77,0
DA:78,0
DA:79,0
DA:80,0
DA:81,0
DA:87,0
DA:88,0
DA:89,0
DA:90,0
DA:91,0
DA:93,0
DA:98,0
DA:103,0
DA:109,0
DA:125,0
DA:131,0
DA:136,0
DA:137,0
DA:139,0
DA:141,0
DA:143,0
DA:145,0
DA:147,0
DA:151,0
DA:158,0
DA:159,0
DA:164,0
DA:175,0
DA:181,0
DA:209,0
DA:257,0
DA:320,0
LF:49
LH:0
BRDA:68,0,0,0
BRDA:68,0,1,0
BRDA:78,1,0,0
BRDA:78,1,1,0
BRDA:80,2,0,0
BRDA:80,2,1,0
BRDA:98,3,0,0
BRDA:98,3,1,0
BRDA:137,4,0,0
BRDA:137,4,1,0
BRDA:137,4,2,0
BRDA:137,4,3,0
BRDA:137,4,4,0
BRDA:158,5,0,0
BRDA:158,5,1,0
BRDA:158,6,0,0
BRDA:158,6,1,0
BRDA:167,7,0,0
BRDA:167,7,1,0
BRDA:167,8,0,0
BRDA:167,8,1,0
BRDA:184,9,0,0
BRDA:184,9,1,0
BRDA:205,10,0,0
BRDA:205,10,1,0
BRDA:222,11,0,0
BRDA:222,11,1,0
BRDA:222,12,0,0
BRDA:222,12,1,0
BRDA:243,13,0,0
BRDA:243,13,1,0
BRDA:272,14,0,0
BRDA:272,14,1,0
BRDA:275,15,0,0
BRDA:275,15,1,0
BRDA:275,16,0,0
BRDA:275,16,1,0
BRDA:275,16,2,0
BRDA:281,17,0,0
BRDA:281,17,1,0
BRDA:282,18,0,0
BRDA:282,18,1,0
BRDA:282,18,2,0
BRDA:286,19,0,0
BRDA:286,19,1,0
BRDA:286,19,2,0
BRDA:288,20,0,0
BRDA:288,20,1,0
BRDA:290,21,0,0
BRDA:290,21,1,0
BRF:50
BRH:0
end_of_record
TN:
SF:src\components\Notification\NotificationButton.tsx
FN:12,(anonymous_0)
FNF:1
FNH:0
FNDA:0,(anonymous_0)
DA:12,0
DA:17,0
LF:2
LH:0
BRDA:15,0,0,0
BRF:1
BRH:0
end_of_record
TN:
SF:src\components\Notification\NotificationCenter.tsx
FN:65,(anonymous_0)
FN:78,(anonymous_1)
FN:85,(anonymous_2)
FN:88,(anonymous_3)
FN:99,(anonymous_4)
FN:109,(anonymous_5)
FN:131,(anonymous_6)
FN:134,(anonymous_7)
FN:138,(anonymous_8)
FN:185,(anonymous_9)
FN:198,(anonymous_10)
FNF:11
FNH:0
FNDA:0,(anonymous_0)
FNDA:0,(anonymous_1)
FNDA:0,(anonymous_2)
FNDA:0,(anonymous_3)
FNDA:0,(anonymous_4)
FNDA:0,(anonymous_5)
FNDA:0,(anonymous_6)
FNDA:0,(anonymous_7)
FNDA:0,(anonymous_8)
FNDA:0,(anonymous_9)
FNDA:0,(anonymous_10)
DA:35,0
DA:36,0
DA:38,0
DA:39,0
DA:65,0
DA:74,0
DA:75,0
DA:78,0
DA:79,0
DA:80,0
DA:81,0
DA:85,0
DA:88,0
DA:89,0
DA:95,0
DA:99,0
DA:100,0
DA:105,0
DA:109,0
DA:110,0
DA:111,0
DA:113,0
DA:114,0
DA:120,0
DA:131,0
DA:132,0
DA:134,0
DA:138,0
DA:144,0
DA:186,0
DA:198,0
LF:31
LH:0
BRDA:79,0,0,0
BRDA:79,0,1,0
BRDA:80,1,0,0
BRDA:80,1,1,0
BRDA:110,2,0,0
BRDA:110,2,1,0
BRDA:113,3,0,0
BRDA:113,3,1,0
BRDA:133,4,0,0
BRDA:133,4,1,0
BRDA:151,5,0,0
BRDA:151,5,1,0
BRDA:177,6,0,0
BRDA:177,6,1,0
BRDA:188,7,0,0
BRDA:188,7,1,0
BRDA:204,8,0,0
BRDA:204,8,1,0
BRDA:224,9,0,0
BRDA:224,9,1,0
BRF:20
BRH:0
end_of_record
TN:
SF:src\components\Performance\PerformanceMonitor.tsx
FN:22,(anonymous_0)
FN:35,(anonymous_1)
FN:42,(anonymous_2)
FN:55,(anonymous_3)
FN:74,(anonymous_4)
FN:77,(anonymous_5)
FN:82,(anonymous_6)
FN:84,(anonymous_7)
FN:85,(anonymous_8)
FN:91,(anonymous_9)
FN:93,(anonymous_10)
FN:98,(anonymous_11)
FN:106,(anonymous_12)
FN:109,(anonymous_13)
FN:119,(anonymous_14)
FN:127,(anonymous_15)
FN:144,(anonymous_16)
FN:150,(anonymous_17)
FNF:18
FNH:0
FNDA:0,(anonymous_0)
FNDA:0,(anonymous_1)
FNDA:0,(anonymous_2)
FNDA:0,(anonymous_3)
FNDA:0,(anonymous_4)
FNDA:0,(anonymous_5)
FNDA:0,(anonymous_6)
FNDA:0,(anonymous_7)
FNDA:0,(anonymous_8)
FNDA:0,(anonymous_9)
FNDA:0,(anonymous_10)
FNDA:0,(anonymous_11)
FNDA:0,(anonymous_12)
FNDA:0,(anonymous_13)
FNDA:0,(anonymous_14)
FNDA:0,(anonymous_15)
FNDA:0,(anonymous_16)
FNDA:0,(anonymous_17)
DA:22,0
DA:26,0
DA:33,0
DA:35,0
DA:37,0
DA:38,0
DA:39,0
DA:42,0
DA:43,0
DA:44,0
DA:46,0
DA:55,0
DA:56,0
DA:57,0
DA:61,0
DA:62,0
DA:63,0
DA:69,0
DA:70,0
DA:74,0
DA:75,0
DA:76,0
DA:77,0
DA:79,0
DA:82,0
DA:83,0
DA:84,0
DA:85,0
DA:88,0
DA:91,0
DA:92,0
DA:93,0
DA:94,0
DA:95,0
DA:98,0
DA:100,0
DA:103,0
DA:106,0
DA:107,0
DA:108,0
DA:109,0
DA:119,0
DA:120,0
DA:121,0
DA:122,0
DA:123,0
DA:127,0
DA:128,0
DA:130,0
DA:132,0
DA:134,0
DA:136,0
DA:138,0
DA:140,0
DA:144,0
DA:145,0
DA:146,0
DA:147,0
DA:150,0
DA:151,0
DA:152,0
DA:153,0
DA:154,0
DA:155,0
DA:158,0
DA:159,0
DA:169,0
DA:170,0
DA:173,0
LF:69
LH:0
BRDA:23,0,0,0
BRDA:37,1,0,0
BRDA:37,1,1,0
BRDA:37,2,0,0
BRDA:37,2,1,0
BRDA:51,3,0,0
BRDA:51,3,1,0
BRDA:56,4,0,0
BRDA:56,4,1,0
BRDA:61,5,0,0
BRDA:61,5,1,0
BRDA:94,6,0,0
BRDA:94,6,1,0
BRDA:107,7,0,0
BRDA:107,7,1,0
BRDA:128,8,0,0
BRDA:128,8,1,0
BRDA:128,8,2,0
BRDA:128,8,3,0
BRDA:128,8,4,0
BRDA:128,8,5,0
BRDA:130,9,0,0
BRDA:130,9,1,0
BRDA:130,10,0,0
BRDA:130,10,1,0
BRDA:130,11,0,0
BRDA:130,11,1,0
BRDA:132,12,0,0
BRDA:132,12,1,0
BRDA:132,13,0,0
BRDA:132,13,1,0
BRDA:132,14,0,0
BRDA:132,14,1,0
BRDA:134,15,0,0
BRDA:134,15,1,0
BRDA:134,16,0,0
BRDA:134,16,1,0
BRDA:134,17,0,0
BRDA:134,17,1,0
BRDA:136,18,0,0
BRDA:136,18,1,0
BRDA:136,19,0,0
BRDA:136,19,1,0
BRDA:136,20,0,0
BRDA:136,20,1,0
BRDA:138,21,0,0
BRDA:138,21,1,0
BRDA:138,22,0,0
BRDA:138,22,1,0
BRDA:138,23,0,0
BRDA:138,23,1,0
BRDA:145,24,0,0
BRDA:145,24,1,0
BRDA:146,25,0,0
BRDA:146,25,1,0
BRDA:151,26,0,0
BRDA:151,26,1,0
BRDA:158,27,0,0
BRDA:158,27,1,0
BRDA:169,28,0,0
BRDA:169,28,1,0
BRDA:259,29,0,0
BRDA:259,29,1,0
BRDA:269,30,0,0
BRDA:269,30,1,0
BRF:65
BRH:0
end_of_record
TN:
SF:src\components\auth\LoginForm.tsx
FN:16,(anonymous_0)
FN:25,(anonymous_1)
FN:36,(anonymous_2)
FN:62,(anonymous_3)
FNF:4
FNH:0
FNDA:0,(anonymous_0)
FNDA:0,(anonymous_1)
FNDA:0,(anonymous_2)
FNDA:0,(anonymous_3)
DA:8,0
DA:16,0
DA:21,0
DA:22,0
DA:23,0
DA:25,0
DA:26,0
DA:27,0
DA:28,0
DA:29,0
DA:31,0
DA:32,0
DA:36,0
DA:38,0
DA:39,0
DA:43,0
DA:62,0
LF:17
LH:0
BRDA:19,0,0,0
BRDA:31,1,0,0
BRDA:31,1,1,0
BRDA:38,2,0,0
BRDA:38,2,1,0
BRDA:55,3,0,0
BRDA:55,3,1,0
BRDA:55,3,2,0
BRDA:57,4,0,0
BRDA:57,4,1,0
BRDA:125,5,0,0
BRDA:125,5,1,0
BRDA:130,6,0,0
BRDA:130,6,1,0
BRF:14
BRH:0
end_of_record
TN:
SF:src\components\auth\RegisterForm.tsx
FN:17,(anonymous_0)
FN:27,(anonymous_1)
FN:38,(anonymous_2)
FN:48,(anonymous_3)
FN:59,(anonymous_4)
FN:66,(anonymous_5)
FN:72,(anonymous_6)
FN:81,(anonymous_7)
FN:109,(anonymous_8)
FN:185,(anonymous_9)
FN:228,(anonymous_10)
FN:229,(anonymous_11)
FNF:12
FNH:0
FNDA:0,(anonymous_0)
FNDA:0,(anonymous_1)
FNDA:0,(anonymous_2)
FNDA:0,(anonymous_3)
FNDA:0,(anonymous_4)
FNDA:0,(anonymous_5)
FNDA:0,(anonymous_6)
FNDA:0,(anonymous_7)
FNDA:0,(anonymous_8)
FNDA:0,(anonymous_9)
FNDA:0,(anonymous_10)
FNDA:0,(anonymous_11)
DA:8,0
DA:17,0
DA:18,0
DA:19,0
DA:27,0
DA:28,0
DA:31,0
DA:38,0
DA:43,0
DA:44,0
DA:45,0
DA:46,0
DA:48,0
DA:49,0
DA:50,0
DA:51,0
DA:52,0
DA:54,0
DA:55,0
DA:59,0
DA:61,0
DA:62,0
DA:66,0
DA:67,0
DA:68,0
DA:69,0
DA:72,0
DA:73,0
DA:74,0
DA:75,0
DA:76,0
DA:77,0
DA:81,0
DA:82,0
DA:83,0
DA:84,0
DA:85,0
DA:86,0
DA:90,0
DA:109,0
DA:186,0
DA:187,0
DA:188,0
DA:189,0
DA:191,0
DA:228,0
DA:230,0
DA:231,0
DA:233,0
LF:49
LH:0
BRDA:28,0,0,0
BRDA:28,0,1,0
BRDA:34,1,0,0
BRDA:34,1,1,0
BRDA:34,2,0,0
BRDA:34,2,1,0
BRDA:41,3,0,0
BRDA:54,4,0,0
BRDA:54,4,1,0
BRDA:61,5,0,0
BRDA:61,5,1,0
BRDA:73,6,0,0
BRDA:73,6,1,0
BRDA:73,6,2,0
BRDA:73,6,3,0
BRDA:82,7,0,0
BRDA:82,7,1,0
BRDA:82,7,2,0
BRDA:82,7,3,0
BRDA:102,8,0,0
BRDA:102,8,1,0
BRDA:102,8,2,0
BRDA:104,9,0,0
BRDA:104,9,1,0
BRDA:186,10,0,0
BRDA:186,10,1,0
BRDA:188,11,0,0
BRDA:188,11,1,0
BRDA:230,12,0,0
BRDA:230,12,1,0
BRDA:230,13,0,0
BRDA:230,13,1,0
BRDA:253,14,0,0
BRDA:253,14,1,0
BRDA:258,15,0,0
BRDA:258,15,1,0
BRF:36
BRH:0
end_of_record
TN:
SF:src\components\auth\RoleGuard.tsx
FN:27,(anonymous_0)
FN:56,(anonymous_1)
FN:65,(anonymous_2)
FN:73,(anonymous_3)
FN:80,(anonymous_4)
FN:85,(anonymous_5)
FN:92,(anonymous_6)
FN:127,(anonymous_7)
FN:161,(anonymous_8)
FN:183,(anonymous_9)
FN:204,(anonymous_10)
FN:225,(anonymous_11)
FN:248,(anonymous_12)
FNF:13
FNH:0
FNDA:0,(anonymous_0)
FNDA:0,(anonymous_1)
FNDA:0,(anonymous_2)
FNDA:0,(anonymous_3)
FNDA:0,(anonymous_4)
FNDA:0,(anonymous_5)
FNDA:0,(anonymous_6)
FNDA:0,(anonymous_7)
FNDA:0,(anonymous_8)
FNDA:0,(anonymous_9)
FNDA:0,(anonymous_10)
FNDA:0,(anonymous_11)
FNDA:0,(anonymous_12)
DA:27,0
DA:37,0
DA:40,0
DA:41,0
DA:42,0
DA:45,0
DA:46,0
DA:49,0
DA:56,0
DA:65,0
DA:66,0
DA:67,0
DA:69,0
DA:73,0
DA:74,0
DA:75,0
DA:78,0
DA:80,0
DA:81,0
DA:85,0
DA:86,0
DA:92,0
DA:93,0
DA:94,0
DA:97,0
DA:98,0
DA:99,0
DA:101,0
DA:106,0
DA:110,0
DA:111,0
DA:115,0
DA:116,0
DA:119,0
DA:120,0
DA:124,0
DA:127,0
DA:128,0
DA:129,0
DA:131,0
DA:135,0
DA:161,0
DA:166,0
DA:183,0
DA:188,0
DA:204,0
DA:208,0
DA:225,0
DA:230,0
DA:248,0
DA:253,0
LF:51
LH:0
BRDA:29,0,0,0
BRDA:30,1,0,0
BRDA:31,2,0,0
BRDA:33,3,0,0
BRDA:40,4,0,0
BRDA:40,4,1,0
BRDA:40,5,0,0
BRDA:40,5,1,0
BRDA:41,6,0,0
BRDA:41,6,1,0
BRDA:45,7,0,0
BRDA:45,7,1,0
BRDA:66,8,0,0
BRDA:66,8,1,0
BRDA:74,9,0,0
BRDA:74,9,1,0
BRDA:78,10,0,0
BRDA:78,10,1,0
BRDA:97,11,0,0
BRDA:97,11,1,0
BRDA:97,12,0,0
BRDA:97,12,1,0
BRDA:98,13,0,0
BRDA:98,13,1,0
BRDA:99,14,0,0
BRDA:99,14,1,0
BRDA:101,15,0,0
BRDA:101,15,1,0
BRDA:106,16,0,0
BRDA:106,16,1,0
BRDA:110,17,0,0
BRDA:110,17,1,0
BRDA:115,18,0,0
BRDA:115,18,1,0
BRDA:119,19,0,0
BRDA:119,19,1,0
BRDA:124,20,0,0
BRDA:124,20,1,0
BRDA:128,21,0,0
BRDA:128,21,1,0
BRF:40
BRH:0
end_of_record
TN:
SF:src\components\auth\UserProfile.tsx
FN:36,(anonymous_0)
FN:46,(anonymous_1)
FN:58,(anonymous_2)
FN:71,(anonymous_3)
FN:85,(anonymous_4)
FN:99,(anonymous_5)
FN:143,(anonymous_6)
FN:151,(anonymous_7)
FN:178,(anonymous_8)
FN:267,(anonymous_9)
FN:290,(anonymous_10)
FN:333,(anonymous_11)
FN:334,(anonymous_12)
FNF:13
FNH:0
FNDA:0,(anonymous_0)
FNDA:0,(anonymous_1)
FNDA:0,(anonymous_2)
FNDA:0,(anonymous_3)
FNDA:0,(anonymous_4)
FNDA:0,(anonymous_5)
FNDA:0,(anonymous_6)
FNDA:0,(anonymous_7)
FNDA:0,(anonymous_8)
FNDA:0,(anonymous_9)
FNDA:0,(anonymous_10)
FNDA:0,(anonymous_11)
FNDA:0,(anonymous_12)
DA:30,0
DA:36,0
DA:37,0
DA:38,0
DA:39,0
DA:40,0
DA:41,0
DA:42,0
DA:43,0
DA:46,0
DA:47,0
DA:48,0
DA:58,0
DA:59,0
DA:60,0
DA:61,0
DA:62,0
DA:63,0
DA:65,0
DA:66,0
DA:71,0
DA:72,0
DA:73,0
DA:74,0
DA:75,0
DA:76,0
DA:77,0
DA:79,0
DA:80,0
DA:85,0
DA:86,0
DA:87,0
DA:88,0
DA:89,0
DA:99,0
DA:100,0
DA:101,0
DA:102,0
DA:105,0
DA:106,0
DA:115,0
DA:143,0
DA:151,0
DA:178,0
DA:267,0
DA:290,0
DA:333,0
DA:335,0
DA:336,0
DA:338,0
LF:50
LH:0
BRDA:47,0,0,0
BRDA:47,0,1,0
BRDA:51,1,0,0
BRDA:51,1,1,0
BRDA:52,2,0,0
BRDA:52,2,1,0
BRDA:65,3,0,0
BRDA:65,3,1,0
BRDA:79,4,0,0
BRDA:79,4,1,0
BRDA:88,5,0,0
BRDA:88,5,1,0
BRDA:92,6,0,0
BRDA:92,6,1,0
BRDA:93,7,0,0
BRDA:93,7,1,0
BRDA:105,8,0,0
BRDA:105,8,1,0
BRDA:107,9,0,0
BRDA:107,9,1,0
BRDA:116,10,0,0
BRDA:116,10,1,0
BRDA:128,11,0,0
BRDA:128,11,1,0
BRDA:135,12,0,0
BRDA:135,12,1,0
BRDA:139,13,0,0
BRDA:139,13,1,0
BRDA:171,14,0,0
BRDA:171,14,1,0
BRDA:171,14,2,0
BRDA:173,15,0,0
BRDA:173,15,1,0
BRDA:283,16,0,0
BRDA:283,16,1,0
BRDA:335,17,0,0
BRDA:335,17,1,0
BRDA:335,18,0,0
BRDA:335,18,1,0
BRF:39
BRH:0
end_of_record
TN:
SF:src\components\common\Button.tsx
FN:17,(anonymous_1)
FN:27,(anonymous_2)
FNF:2
FNH:2
FNDA:11,(anonymous_1)
FNDA:3,(anonymous_2)
DA:1,1
DA:2,1
DA:4,1
DA:17,1
DA:27,11
DA:28,3
DA:29,2
DA:30,2
DA:31,1
DA:35,2
DA:36,2
DA:40,11
DA:42,11
DA:55,1
LF:14
LH:14
BRDA:21,0,0,9
BRDA:22,1,0,10
BRDA:28,2,0,2
BRDA:28,2,1,1
BRDA:28,3,0,3
BRDA:28,3,1,2
BRDA:30,4,0,1
BRDA:30,4,1,1
BRDA:35,5,0,2
BRDA:35,5,1,0
BRDA:40,6,0,11
BRDA:40,6,1,11
BRDA:45,7,0,2
BRDA:45,7,1,9
BRDA:50,8,0,1
BRDA:50,8,1,10
BRDA:50,9,0,11
BRDA:50,9,1,2
BRF:18
BRH:17
end_of_record
TN:
SF:src\components\common\ErrorBoundary.tsx
FN:18,(anonymous_0)
FN:23,(anonymous_1)
FN:28,(anonymous_2)
FN:38,(anonymous_3)
FN:42,(anonymous_4)
FN:46,(anonymous_5)
FN:50,(anonymous_6)
FNF:7
FNH:7
FNDA:19,(anonymous_0)
FNDA:18,(anonymous_1)
FNDA:9,(anonymous_2)
FNDA:1,(anonymous_3)
FNDA:1,(anonymous_4)
FNDA:1,(anonymous_5)
FNDA:38,(anonymous_6)
DA:1,1
DA:3,1
DA:4,1
DA:19,19
DA:20,18
DA:25,18
DA:30,9
DA:33,9
DA:34,1
DA:38,18
DA:39,1
DA:42,18
DA:43,1
DA:46,18
DA:47,1
DA:51,38
DA:53,18
DA:54,2
DA:58,16
DA:112,20
DA:116,1
LF:21
LH:21
BRDA:33,0,0,1
BRDA:33,0,1,8
BRDA:51,1,0,18
BRDA:51,1,1,20
BRDA:53,2,0,2
BRDA:53,2,1,16
BRDA:99,3,0,16
BRDA:99,3,1,2
BRDA:99,3,2,2
BRF:9
BRH:9
end_of_record
TN:
SF:src\components\common\Input.tsx
FN:25,(anonymous_9)
FN:42,(anonymous_10)
FN:48,(anonymous_11)
FN:70,(anonymous_12)
FN:119,(anonymous_13)
FN:129,(anonymous_14)
FN:149,(anonymous_15)
FN:172,(anonymous_16)
FNF:8
FNH:4
FNDA:28,(anonymous_9)
FNDA:16,(anonymous_10)
FNDA:11,(anonymous_11)
FNDA:1,(anonymous_12)
FNDA:0,(anonymous_13)
FNDA:0,(anonymous_14)
FNDA:0,(anonymous_15)
FNDA:0,(anonymous_16)
DA:1,1
DA:2,1
DA:4,1
DA:25,1
DA:38,28
DA:39,28
DA:40,28
DA:42,28
DA:43,16
DA:44,2
DA:48,28
DA:49,11
DA:52,11
DA:53,1
DA:56,11
DA:59,11
DA:60,4
DA:61,4
DA:65,11
DA:66,6
DA:67,3
DA:68,2
DA:70,3
DA:71,1
DA:73,3
DA:75,3
DA:81,28
DA:84,28
DA:85,28
DA:87,28
DA:94,28
DA:119,1
DA:126,0
DA:127,0
DA:129,0
DA:130,0
DA:131,0
DA:135,0
DA:137,0
DA:149,0
DA:172,1
DA:177,0
DA:195,1
DA:196,1
DA:198,1
LF:45
LH:36
BRDA:32,0,0,22
BRDA:38,1,0,28
BRDA:38,1,1,25
BRDA:38,1,2,25
BRDA:43,2,0,2
BRDA:43,2,1,14
BRDA:52,3,0,1
BRDA:52,3,1,10
BRDA:59,4,0,4
BRDA:59,4,1,7
BRDA:65,5,0,6
BRDA:65,5,1,5
BRDA:66,6,0,3
BRDA:66,6,1,3
BRDA:67,7,0,2
BRDA:67,7,1,1
BRDA:81,8,0,4
BRDA:81,8,1,24
BRDA:84,9,0,28
BRDA:84,9,1,25
BRDA:85,10,0,5
BRDA:85,10,1,23
BRDA:85,11,0,1
BRDA:85,11,1,22
BRDA:91,12,0,28
BRDA:91,12,1,6
BRDA:96,13,0,28
BRDA:96,13,1,2
BRDA:99,14,0,2
BRDA:99,14,1,1
BRDA:103,15,0,28
BRDA:103,15,1,23
BRDA:103,15,2,6
BRDA:108,16,0,5
BRDA:108,16,1,1
BRDA:111,17,0,6
BRDA:111,17,1,1
BRDA:127,18,0,0
BRDA:127,18,1,0
BRDA:127,19,0,0
BRDA:127,19,1,0
BRDA:130,20,0,0
BRDA:130,20,1,0
BRDA:139,21,0,0
BRDA:139,21,1,0
BRDA:142,22,0,0
BRDA:142,22,1,0
BRDA:148,23,0,0
BRDA:148,23,1,0
BRDA:149,24,0,0
BRDA:149,24,1,0
BRDA:151,25,0,0
BRDA:151,25,1,0
BRDA:151,25,2,0
BRDA:156,26,0,0
BRDA:156,26,1,0
BRDA:159,27,0,0
BRDA:159,27,1,0
BRDA:173,28,0,0
BRDA:174,29,0,0
BRF:60
BRH:37
end_of_record
TN:
SF:src\components\common\Loading.tsx
FN:15,(anonymous_1)
FNF:1
FNH:1
FNDA:16,(anonymous_1)
DA:1,1
DA:2,1
DA:4,1
DA:15,1
DA:22,16
DA:24,16
DA:25,4
DA:50,12
DA:69,1
LF:9
LH:9
BRDA:16,0,0,11
BRDA:17,1,0,12
BRDA:19,2,0,13
BRDA:22,3,0,3
BRDA:22,3,1,13
BRDA:22,4,0,16
BRDA:22,4,1,3
BRDA:24,5,0,4
BRDA:24,5,1,12
BRF:9
BRH:9
end_of_record
TN:
SF:src\components\common\Modal.tsx
FN:21,(anonymous_9)
FN:36,(anonymous_10)
FN:40,(anonymous_11)
FN:43,(anonymous_12)
FN:44,(anonymous_13)
FN:54,(anonymous_14)
FN:59,(anonymous_15)
FN:65,(anonymous_16)
FN:72,(anonymous_17)
FN:89,(anonymous_18)
FN:155,(anonymous_19)
FN:162,(anonymous_20)
FN:169,(anonymous_21)
FN:176,(anonymous_22)
FN:183,(anonymous_23)
FNF:15
FNH:10
FNDA:15,(anonymous_9)
FNDA:13,(anonymous_10)
FNDA:13,(anonymous_11)
FNDA:1,(anonymous_12)
FNDA:1,(anonymous_13)
FNDA:1,(anonymous_14)
FNDA:1,(anonymous_15)
FNDA:2,(anonymous_16)
FNDA:15,(anonymous_17)
FNDA:15,(anonymous_18)
FNDA:0,(anonymous_19)
FNDA:0,(anonymous_20)
FNDA:0,(anonymous_21)
FNDA:0,(anonymous_22)
FNDA:0,(anonymous_23)
DA:1,1
DA:2,1
DA:4,1
DA:21,1
DA:33,15
DA:34,15
DA:36,15
DA:37,13
DA:40,15
DA:41,13
DA:42,1
DA:43,1
DA:44,1
DA:45,1
DA:46,1
DA:47,1
DA:48,1
DA:50,0
DA:54,1
DA:56,12
DA:59,15
DA:60,1
DA:61,1
DA:65,15
DA:66,2
DA:67,2
DA:72,15
DA:73,15
DA:76,0
DA:78,1
DA:80,0
DA:82,1
DA:84,13
DA:89,15
DA:90,15
DA:91,2
DA:94,13
DA:95,0
DA:98,13
DA:99,13
DA:100,13
DA:102,13
DA:126,15
DA:155,1
DA:156,0
DA:162,1
DA:163,0
DA:169,1
DA:170,0
DA:176,1
DA:177,0
DA:183,1
DA:184,0
DA:190,1
LF:54
LH:45
BRDA:22,0,0,13
BRDA:24,1,0,14
BRDA:25,2,0,14
BRDA:26,3,0,14
BRDA:34,4,0,15
BRDA:34,4,1,1
BRDA:37,5,0,13
BRDA:37,5,1,1
BRDA:41,6,0,1
BRDA:41,6,1,12
BRDA:41,7,0,13
BRDA:41,7,1,1
BRDA:45,8,0,1
BRDA:45,8,1,0
BRDA:45,9,0,1
BRDA:45,9,1,1
BRDA:50,10,0,0
BRDA:50,10,1,0
BRDA:60,11,0,1
BRDA:60,11,1,0
BRDA:66,12,0,2
BRDA:66,12,1,0
BRDA:67,13,0,2
BRDA:67,13,1,1
BRDA:73,14,0,0
BRDA:73,14,1,0
BRDA:73,14,2,1
BRDA:73,14,3,0
BRDA:73,14,4,1
BRDA:73,14,5,13
BRDA:90,15,0,2
BRDA:90,15,1,13
BRDA:94,16,0,0
BRDA:94,16,1,13
BRDA:98,17,0,13
BRDA:98,17,1,13
BRDA:99,18,0,13
BRDA:99,18,1,13
BRDA:103,19,0,13
BRDA:103,19,1,13
BRDA:111,20,0,13
BRDA:111,20,1,1
BRF:42
BRH:33
end_of_record
TN:
SF:src\contexts\AuthContext.tsx
FN:51,(anonymous_9)
FN:65,(anonymous_10)
FN:76,(anonymous_11)
FN:80,(anonymous_12)
FN:84,(anonymous_13)
FN:88,(anonymous_14)
FN:92,(anonymous_15)
FN:96,(anonymous_16)
FN:100,(anonymous_17)
FN:104,(anonymous_18)
FN:108,(anonymous_19)
FN:140,(anonymous_20)
FN:151,(anonymous_21)
FN:157,(anonymous_22)
FNF:14
FNH:1
FNDA:0,(anonymous_9)
FNDA:0,(anonymous_10)
FNDA:0,(anonymous_11)
FNDA:0,(anonymous_12)
FNDA:0,(anonymous_13)
FNDA:0,(anonymous_14)
FNDA:0,(anonymous_15)
FNDA:0,(anonymous_16)
FNDA:0,(anonymous_17)
FNDA:0,(anonymous_18)
FNDA:0,(anonymous_19)
FNDA:31,(anonymous_20)
FNDA:0,(anonymous_21)
FNDA:0,(anonymous_22)
DA:1,2
DA:2,2
DA:3,2
DA:42,2
DA:51,2
DA:55,0
DA:58,0
DA:59,0
DA:60,0
DA:61,0
DA:62,0
DA:65,0
DA:66,0
DA:69,0
DA:70,0
DA:71,0
DA:76,0
DA:77,0
DA:80,0
DA:81,0
DA:84,0
DA:85,0
DA:88,0
DA:89,0
DA:92,0
DA:93,0
DA:96,0
DA:97,0
DA:100,0
DA:101,0
DA:104,0
DA:105,0
DA:108,0
DA:109,0
DA:113,0
DA:132,0
DA:140,2
DA:141,31
DA:143,30
DA:144,30
DA:147,0
DA:151,2
DA:152,0
DA:153,0
DA:157,2
DA:168,0
DA:170,0
DA:183,2
LF:48
LH:12
BRDA:53,0,0,0
BRDA:70,1,0,0
BRDA:70,1,1,0
BRDA:109,2,0,0
BRDA:109,2,1,0
BRDA:143,3,0,30
BRDA:143,3,1,0
BRF:7
BRH:1
end_of_record
TN:
SF:src\contexts\index.ts
FN:1,(anonymous_1)
FN:1,(anonymous_2)
FN:1,(anonymous_3)
FN:1,(anonymous_4)
FN:2,(anonymous_5)
FNF:5
FNH:1
FNDA:0,(anonymous_1)
FNDA:31,(anonymous_2)
FNDA:0,(anonymous_3)
FNDA:0,(anonymous_4)
FNDA:0,(anonymous_5)
DA:1,33
DA:2,2
LF:2
LH:2
BRF:0
BRH:0
end_of_record
TN:
SF:src\hooks\redux.ts
FN:6,(anonymous_0)
FNF:1
FNH:0
FNDA:0,(anonymous_0)
DA:1,2
DA:6,2
DA:7,2
LF:3
LH:3
BRF:0
BRH:0
end_of_record
TN:
SF:src\hooks\useAuth.ts
FN:9,(anonymous_0)
FN:23,(anonymous_1)
FN:31,(anonymous_2)
FN:32,(anonymous_3)
FN:44,(anonymous_4)
FN:52,(anonymous_5)
FN:62,(anonymous_6)
FN:63,(anonymous_7)
FN:91,(anonymous_8)
FN:92,(anonymous_9)
FN:142,(anonymous_10)
FN:148,(anonymous_11)
FN:158,(anonymous_12)
FN:168,(anonymous_13)
FN:178,(anonymous_14)
FNF:15
FNH:0
FNDA:0,(anonymous_0)
FNDA:0,(anonymous_1)
FNDA:0,(anonymous_2)
FNDA:0,(anonymous_3)
FNDA:0,(anonymous_4)
FNDA:0,(anonymous_5)
FNDA:0,(anonymous_6)
FNDA:0,(anonymous_7)
FNDA:0,(anonymous_8)
FNDA:0,(anonymous_9)
FNDA:0,(anonymous_10)
FNDA:0,(anonymous_11)
FNDA:0,(anonymous_12)
FNDA:0,(anonymous_13)
FNDA:0,(anonymous_14)
DA:9,0
DA:10,0
DA:12,0
DA:13,0
DA:16,0
DA:23,0
DA:24,0
DA:31,0
DA:32,0
DA:33,0
DA:34,0
DA:36,0
DA:44,0
DA:45,0
DA:52,0
DA:53,0
DA:62,0
DA:63,0
DA:65,0
DA:66,0
DA:67,0
DA:71,0
DA:72,0
DA:76,0
DA:77,0
DA:81,0
DA:91,0
DA:92,0
DA:93,0
DA:94,0
DA:98,0
DA:99,0
DA:103,0
DA:105,0
DA:106,0
DA:110,0
DA:111,0
DA:115,0
DA:116,0
DA:120,0
DA:123,0
DA:127,0
DA:142,0
DA:143,0
DA:148,0
DA:149,0
DA:150,0
DA:152,0
DA:158,0
DA:159,0
DA:160,0
DA:162,0
DA:168,0
DA:169,0
DA:170,0
DA:172,0
DA:178,0
DA:179,0
DA:182,0
LF:59
LH:0
BRDA:12,0,0,0
BRDA:12,0,1,0
BRDA:33,1,0,0
BRDA:33,1,1,0
BRDA:33,2,0,0
BRDA:33,2,1,0
BRDA:45,3,0,0
BRDA:45,3,1,0
BRDA:53,4,0,0
BRDA:53,4,1,0
BRDA:66,5,0,0
BRDA:66,5,1,0
BRDA:71,6,0,0
BRDA:71,6,1,0
BRDA:76,7,0,0
BRDA:76,7,1,0
BRDA:76,8,0,0
BRDA:76,8,1,0
BRDA:93,9,0,0
BRDA:93,9,1,0
BRDA:93,10,0,0
BRDA:93,10,1,0
BRDA:98,11,0,0
BRDA:98,11,1,0
BRDA:103,12,0,0
BRDA:103,12,1,0
BRDA:105,13,0,0
BRDA:105,13,1,0
BRDA:105,14,0,0
BRDA:105,14,1,0
BRDA:110,15,0,0
BRDA:110,15,1,0
BRDA:110,16,0,0
BRDA:110,16,1,0
BRDA:115,17,0,0
BRDA:115,17,1,0
BRDA:115,18,0,0
BRDA:115,18,1,0
BRDA:149,19,0,0
BRDA:149,19,1,0
BRDA:149,20,0,0
BRDA:149,20,1,0
BRDA:152,21,0,0
BRDA:152,21,1,0
BRDA:152,21,2,0
BRDA:159,22,0,0
BRDA:159,22,1,0
BRDA:159,23,0,0
BRDA:159,23,1,0
BRDA:169,24,0,0
BRDA:169,24,1,0
BRDA:169,25,0,0
BRDA:169,25,1,0
BRDA:172,26,0,0
BRDA:172,26,1,0
BRDA:179,27,0,0
BRDA:179,27,1,0
BRF:57
BRH:0
end_of_record
TN:
SF:src\hooks\useMediaQuery.ts
FN:8,(anonymous_0)
FN:11,(anonymous_1)
FN:18,(anonymous_2)
FN:31,(anonymous_3)
FNF:4
FNH:0
FNDA:0,(anonymous_0)
FNDA:0,(anonymous_1)
FNDA:0,(anonymous_2)
FNDA:0,(anonymous_3)
DA:8,0
DA:9,0
DA:11,0
DA:12,0
DA:15,0
DA:18,0
DA:19,0
DA:23,0
DA:24,0
DA:27,0
DA:31,0
DA:32,0
DA:33,0
DA:36,0
DA:41,0
LF:15
LH:0
BRDA:23,0,0,0
BRDA:23,0,1,0
BRDA:32,1,0,0
BRDA:32,1,1,0
BRF:4
BRH:0
end_of_record
TN:
SF:src\hooks\useNotifications.ts
FN:79,(anonymous_0)
FN:84,(anonymous_1)
FN:87,(anonymous_2)
FN:94,(anonymous_3)
FN:95,(anonymous_4)
FN:96,(anonymous_5)
FN:106,(anonymous_6)
FN:107,(anonymous_7)
FN:108,(anonymous_8)
FN:114,(anonymous_9)
FN:115,(anonymous_10)
FN:115,(anonymous_11)
FN:120,(anonymous_12)
FN:126,(anonymous_13)
FN:132,(anonymous_14)
FN:157,(anonymous_15)
FN:160,(anonymous_16)
FN:161,(anonymous_17)
FN:165,(anonymous_18)
FN:166,(anonymous_19)
FN:170,(anonymous_20)
FNF:21
FNH:0
FNDA:0,(anonymous_0)
FNDA:0,(anonymous_1)
FNDA:0,(anonymous_2)
FNDA:0,(anonymous_3)
FNDA:0,(anonymous_4)
FNDA:0,(anonymous_5)
FNDA:0,(anonymous_6)
FNDA:0,(anonymous_7)
FNDA:0,(anonymous_8)
FNDA:0,(anonymous_9)
FNDA:0,(anonymous_10)
FNDA:0,(anonymous_11)
FNDA:0,(anonymous_12)
FNDA:0,(anonymous_13)
FNDA:0,(anonymous_14)
FNDA:0,(anonymous_15)
FNDA:0,(anonymous_16)
FNDA:0,(anonymous_17)
FNDA:0,(anonymous_18)
FNDA:0,(anonymous_19)
FNDA:0,(anonymous_20)
DA:6,0
DA:79,0
DA:80,0
DA:81,0
DA:84,0
DA:85,0
DA:87,0
DA:88,0
DA:89,0
DA:94,0
DA:95,0
DA:96,0
DA:97,0
DA:102,0
DA:106,0
DA:107,0
DA:108,0
DA:110,0
DA:114,0
DA:115,0
DA:116,0
DA:120,0
DA:121,0
DA:122,0
DA:126,0
DA:127,0
DA:132,0
DA:135,0
DA:141,0
DA:143,0
DA:144,0
DA:146,0
DA:147,0
DA:149,0
DA:150,0
DA:152,0
DA:157,0
DA:160,0
DA:161,0
DA:165,0
DA:166,0
DA:170,0
DA:171,0
DA:172,0
DA:173,0
DA:175,0
DA:176,0
DA:177,0
DA:179,0
DA:186,0
DA:196,0
LF:51
LH:0
BRDA:97,0,0,0
BRDA:97,0,1,0
BRDA:141,1,0,0
BRDA:141,1,1,0
BRDA:141,1,2,0
BRDA:141,1,3,0
BRF:6
BRH:0
end_of_record
TN:
SF:src\mocks\browser.ts
FNF:0
FNH:0
DA:5,0
DA:8,0
DA:9,0
LF:3
LH:0
BRDA:8,0,0,0
BRDA:8,0,1,0
BRF:2
BRH:0
end_of_record
TN:
SF:src\mocks\handlers.ts
FN:54,(anonymous_0)
FN:64,(anonymous_1)
FN:111,(anonymous_2)
FN:123,(anonymous_3)
FN:128,(anonymous_4)
FN:145,(anonymous_5)
FN:149,(anonymous_6)
FN:165,(anonymous_7)
FN:173,(anonymous_8)
FN:195,(anonymous_9)
FN:212,(anonymous_10)
FN:215,(anonymous_11)
FN:233,(anonymous_12)
FN:235,(anonymous_13)
FN:253,(anonymous_14)
FN:260,(anonymous_15)
FN:278,(anonymous_16)
FN:286,(anonymous_17)
FN:290,(anonymous_18)
FN:299,(anonymous_19)
FN:301,(anonymous_20)
FN:318,(anonymous_21)
FN:319,(anonymous_22)
FN:327,(anonymous_23)
FN:329,(anonymous_24)
FN:347,(anonymous_25)
FN:368,(anonymous_26)
FN:388,(anonymous_27)
FNF:28
FNH:0
FNDA:0,(anonymous_0)
FNDA:0,(anonymous_1)
FNDA:0,(anonymous_2)
FNDA:0,(anonymous_3)
FNDA:0,(anonymous_4)
FNDA:0,(anonymous_5)
FNDA:0,(anonymous_6)
FNDA:0,(anonymous_7)
FNDA:0,(anonymous_8)
FNDA:0,(anonymous_9)
FNDA:0,(anonymous_10)
FNDA:0,(anonymous_11)
FNDA:0,(anonymous_12)
FNDA:0,(anonymous_13)
FNDA:0,(anonymous_14)
FNDA:0,(anonymous_15)
FNDA:0,(anonymous_16)
FNDA:0,(anonymous_17)
FNDA:0,(anonymous_18)
FNDA:0,(anonymous_19)
FNDA:0,(anonymous_20)
FNDA:0,(anonymous_21)
FNDA:0,(anonymous_22)
FNDA:0,(anonymous_23)
FNDA:0,(anonymous_24)
FNDA:0,(anonymous_25)
FNDA:0,(anonymous_26)
FNDA:0,(anonymous_27)
DA:5,0
DA:42,0
DA:54,0
DA:64,0
DA:73,0
DA:111,0
DA:121,0
DA:124,0
DA:127,0
DA:128,0
DA:129,0
DA:139,0
DA:146,0
DA:150,0
DA:151,0
DA:152,0
DA:158,0
DA:166,0
DA:167,0
DA:168,0
DA:169,0
DA:171,0
DA:172,0
DA:173,0
DA:174,0
DA:180,0
DA:181,0
DA:182,0
DA:184,0
DA:196,0
DA:197,0
DA:203,0
DA:205,0
DA:213,0
DA:214,0
DA:215,0
DA:217,0
DA:218,0
DA:224,0
DA:226,0
DA:234,0
DA:235,0
DA:237,0
DA:238,0
DA:244,0
DA:246,0
DA:254,0
DA:261,0
DA:262,0
DA:264,0
DA:265,0
DA:271,0
DA:279,0
DA:280,0
DA:281,0
DA:283,0
DA:285,0
DA:286,0
DA:289,0
DA:290,0
DA:293,0
DA:300,0
DA:301,0
DA:303,0
DA:304,0
DA:310,0
DA:312,0
DA:319,0
DA:321,0
DA:328,0
DA:329,0
DA:331,0
DA:332,0
DA:338,0
DA:340,0
DA:348,0
DA:349,0
DA:350,0
DA:352,0
DA:353,0
DA:354,0
DA:356,0
DA:369,0
DA:389,0
DA:392,0
LF:85
LH:0
BRDA:118,0,0,0
BRDA:118,0,1,0
BRDA:127,1,0,0
BRDA:127,1,1,0
BRDA:127,2,0,0
BRDA:127,2,1,0
BRDA:151,3,0,0
BRDA:151,3,1,0
BRDA:151,4,0,0
BRDA:151,4,1,0
BRDA:167,5,0,0
BRDA:167,5,1,0
BRDA:168,6,0,0
BRDA:168,6,1,0
BRDA:169,7,0,0
BRDA:169,7,1,0
BRDA:172,8,0,0
BRDA:172,8,1,0
BRDA:174,9,0,0
BRDA:174,9,1,0
BRDA:174,9,2,0
BRDA:217,10,0,0
BRDA:217,10,1,0
BRDA:237,11,0,0
BRDA:237,11,1,0
BRDA:264,12,0,0
BRDA:264,12,1,0
BRDA:264,13,0,0
BRDA:264,13,1,0
BRDA:285,14,0,0
BRDA:285,14,1,0
BRDA:285,15,0,0
BRDA:285,15,1,0
BRDA:289,16,0,0
BRDA:289,16,1,0
BRDA:303,17,0,0
BRDA:303,17,1,0
BRDA:331,18,0,0
BRDA:331,18,1,0
BRDA:349,19,0,0
BRDA:349,19,1,0
BRDA:350,20,0,0
BRDA:350,20,1,0
BRF:43
BRH:0
end_of_record
TN:
SF:src\pages\Admin\index.tsx
FN:140,(anonymous_0)
FN:153,(anonymous_1)
FN:158,(anonymous_2)
FN:162,(anonymous_3)
FN:171,(anonymous_4)
FN:174,(anonymous_5)
FN:181,(anonymous_6)
FN:187,(anonymous_7)
FN:203,(anonymous_8)
FN:206,(anonymous_9)
FN:207,(anonymous_10)
FN:214,(anonymous_11)
FN:217,(anonymous_12)
FN:218,(anonymous_13)
FN:227,(anonymous_14)
FN:233,(anonymous_15)
FN:252,(anonymous_16)
FN:286,(anonymous_17)
FN:296,(anonymous_18)
FN:310,(anonymous_19)
FN:335,(anonymous_20)
FN:342,(anonymous_21)
FN:347,(anonymous_22)
FN:353,(anonymous_23)
FN:364,(anonymous_24)
FN:369,(anonymous_25)
FN:376,(anonymous_26)
FN:386,(anonymous_27)
FN:393,(anonymous_28)
FN:400,(anonymous_29)
FN:599,(anonymous_30)
FN:612,(anonymous_31)
FNF:32
FNH:0
FNDA:0,(anonymous_0)
FNDA:0,(anonymous_1)
FNDA:0,(anonymous_2)
FNDA:0,(anonymous_3)
FNDA:0,(anonymous_4)
FNDA:0,(anonymous_5)
FNDA:0,(anonymous_6)
FNDA:0,(anonymous_7)
FNDA:0,(anonymous_8)
FNDA:0,(anonymous_9)
FNDA:0,(anonymous_10)
FNDA:0,(anonymous_11)
FNDA:0,(anonymous_12)
FNDA:0,(anonymous_13)
FNDA:0,(anonymous_14)
FNDA:0,(anonymous_15)
FNDA:0,(anonymous_16)
FNDA:0,(anonymous_17)
FNDA:0,(anonymous_18)
FNDA:0,(anonymous_19)
FNDA:0,(anonymous_20)
FNDA:0,(anonymous_21)
FNDA:0,(anonymous_22)
FNDA:0,(anonymous_23)
FNDA:0,(anonymous_24)
FNDA:0,(anonymous_25)
FNDA:0,(anonymous_26)
FNDA:0,(anonymous_27)
FNDA:0,(anonymous_28)
FNDA:0,(anonymous_29)
FNDA:0,(anonymous_30)
FNDA:0,(anonymous_31)
DA:43,0
DA:44,0
DA:45,0
DA:50,0
DA:131,0
DA:140,0
DA:141,0
DA:142,0
DA:143,0
DA:144,0
DA:145,0
DA:146,0
DA:147,0
DA:150,0
DA:151,0
DA:153,0
DA:154,0
DA:155,0
DA:158,0
DA:159,0
DA:160,0
DA:162,0
DA:163,0
DA:165,0
DA:167,0
DA:171,0
DA:172,0
DA:174,0
DA:175,0
DA:177,0
DA:181,0
DA:182,0
DA:183,0
DA:184,0
DA:187,0
DA:188,0
DA:189,0
DA:200,0
DA:203,0
DA:204,0
DA:206,0
DA:207,0
DA:208,0
DA:210,0
DA:214,0
DA:215,0
DA:217,0
DA:218,0
DA:219,0
DA:221,0
DA:223,0
DA:227,0
DA:228,0
DA:229,0
DA:230,0
DA:233,0
DA:235,0
DA:237,0
DA:252,0
DA:253,0
DA:256,0
DA:273,0
DA:274,0
DA:277,0
DA:278,0
DA:280,0
DA:282,0
DA:286,0
DA:287,0
DA:288,0
DA:289,0
DA:290,0
DA:291,0
DA:292,0
DA:296,0
DA:297,0
DA:298,0
DA:299,0
DA:300,0
DA:301,0
DA:302,0
DA:306,0
DA:311,0
DA:336,0
DA:342,0
DA:347,0
DA:354,0
DA:364,0
DA:370,0
DA:376,0
DA:386,0
DA:393,0
DA:400,0
DA:420,0
DA:421,0
DA:429,0
DA:599,0
DA:613,0
DA:614,0
LF:99
LH:0
BRDA:219,0,0,0
BRDA:219,0,1,0
BRDA:235,1,0,0
BRDA:235,1,1,0
BRDA:252,2,0,0
BRDA:252,2,1,0
BRDA:271,3,0,0
BRDA:271,3,1,0
BRDA:287,4,0,0
BRDA:287,4,1,0
BRDA:287,4,2,0
BRDA:287,4,3,0
BRDA:287,4,4,0
BRDA:297,5,0,0
BRDA:297,5,1,0
BRDA:297,5,2,0
BRDA:297,5,3,0
BRDA:297,5,4,0
BRDA:355,6,0,0
BRDA:355,6,1,0
BRDA:356,7,0,0
BRDA:356,7,1,0
BRDA:364,8,0,0
BRDA:364,8,1,0
BRDA:379,9,0,0
BRDA:379,9,1,0
BRDA:389,10,0,0
BRDA:389,10,1,0
BRDA:395,11,0,0
BRDA:395,11,1,0
BRDA:420,12,0,0
BRDA:420,12,1,0
BRDA:420,13,0,0
BRDA:420,13,1,0
BRDA:489,14,0,0
BRDA:489,14,1,0
BRDA:503,15,0,0
BRDA:503,15,1,0
BRDA:510,16,0,0
BRDA:510,16,1,0
BRDA:517,17,0,0
BRDA:517,17,1,0
BRDA:560,18,0,0
BRDA:560,18,1,0
BRDA:609,19,0,0
BRDA:609,19,1,0
BRF:46
BRH:0
end_of_record
TN:
SF:src\pages\Auth\AuthLayout.tsx
FN:15,(anonymous_0)
FNF:1
FNH:0
FNDA:0,(anonymous_0)
DA:6,0
DA:7,0
DA:15,0
DA:20,0
LF:4
LH:0
BRDA:17,0,0,0
BRDA:18,1,0,0
BRF:2
BRH:0
end_of_record
TN:
SF:src\pages\Auth\LoginPage.tsx
FN:10,(anonymous_0)
FN:19,(anonymous_1)
FN:26,(anonymous_2)
FNF:3
FNH:0
FNDA:0,(anonymous_0)
FNDA:0,(anonymous_1)
FNDA:0,(anonymous_2)
DA:8,0
DA:10,0
DA:11,0
DA:12,0
DA:13,0
DA:16,0
DA:19,0
DA:20,0
DA:21,0
DA:26,0
DA:28,0
DA:32,0
DA:33,0
DA:42,0
LF:14
LH:0
BRDA:16,0,0,0
BRDA:16,0,1,0
BRDA:20,1,0,0
BRDA:20,1,1,0
BRDA:20,2,0,0
BRDA:20,2,1,0
BRDA:32,3,0,0
BRDA:32,3,1,0
BRDA:32,4,0,0
BRDA:32,4,1,0
BRDA:59,5,0,0
BRDA:59,5,1,0
BRF:12
BRH:0
end_of_record
TN:
SF:src\pages\Auth\ProfilePage.tsx
FN:10,(anonymous_0)
FNF:1
FNH:0
FNDA:0,(anonymous_0)
DA:8,0
DA:10,0
DA:11,0
DA:13,0
LF:4
LH:0
BRDA:78,0,0,0
BRDA:78,0,1,0
BRDA:82,1,0,0
BRDA:82,1,1,0
BRDA:82,1,2,0
BRDA:85,2,0,0
BRDA:85,2,1,0
BRDA:89,3,0,0
BRDA:89,3,1,0
BRDA:90,4,0,0
BRDA:90,4,1,0
BRF:11
BRH:0
end_of_record
TN:
SF:src\pages\Auth\RegisterPage.tsx
FN:10,(anonymous_0)
FN:15,(anonymous_1)
FN:22,(anonymous_2)
FNF:3
FNH:0
FNDA:0,(anonymous_0)
FNDA:0,(anonymous_1)
FNDA:0,(anonymous_2)
DA:8,0
DA:10,0
DA:11,0
DA:12,0
DA:15,0
DA:16,0
DA:17,0
DA:22,0
DA:25,0
DA:34,0
DA:35,0
DA:44,0
LF:12
LH:0
BRDA:16,0,0,0
BRDA:16,0,1,0
BRDA:16,1,0,0
BRDA:16,1,1,0
BRDA:34,2,0,0
BRDA:34,2,1,0
BRDA:34,3,0,0
BRDA:34,3,1,0
BRF:8
BRH:0
end_of_record
TN:
SF:src\pages\Dashboard\index.tsx
FN:60,(anonymous_0)
FN:75,(anonymous_1)
FN:77,(anonymous_2)
FN:84,(anonymous_3)
FN:92,(anonymous_4)
FN:97,(anonymous_5)
FN:111,(anonymous_6)
FN:112,(anonymous_7)
FN:116,(anonymous_8)
FN:117,(anonymous_9)
FN:188,(anonymous_10)
FN:231,(anonymous_11)
FN:241,(anonymous_12)
FN:259,(anonymous_13)
FN:266,(anonymous_14)
FN:272,(anonymous_15)
FN:282,(anonymous_16)
FN:364,(anonymous_17)
FN:434,(anonymous_18)
FN:459,(anonymous_19)
FN:499,(anonymous_20)
FN:611,(anonymous_21)
FNF:22
FNH:0
FNDA:0,(anonymous_0)
FNDA:0,(anonymous_1)
FNDA:0,(anonymous_2)
FNDA:0,(anonymous_3)
FNDA:0,(anonymous_4)
FNDA:0,(anonymous_5)
FNDA:0,(anonymous_6)
FNDA:0,(anonymous_7)
FNDA:0,(anonymous_8)
FNDA:0,(anonymous_9)
FNDA:0,(anonymous_10)
FNDA:0,(anonymous_11)
FNDA:0,(anonymous_12)
FNDA:0,(anonymous_13)
FNDA:0,(anonymous_14)
FNDA:0,(anonymous_15)
FNDA:0,(anonymous_16)
FNDA:0,(anonymous_17)
FNDA:0,(anonymous_18)
FNDA:0,(anonymous_19)
FNDA:0,(anonymous_20)
FNDA:0,(anonymous_21)
DA:54,0
DA:55,0
DA:56,0
DA:57,0
DA:60,0
DA:61,0
DA:62,0
DA:63,0
DA:64,0
DA:65,0
DA:66,0
DA:72,0
DA:75,0
DA:76,0
DA:77,0
DA:84,0
DA:85,0
DA:92,0
DA:93,0
DA:94,0
DA:95,0
DA:97,0
DA:98,0
DA:99,0
DA:100,0
DA:101,0
DA:108,0
DA:111,0
DA:112,0
DA:113,0
DA:114,0
DA:116,0
DA:117,0
DA:118,0
DA:126,0
DA:188,0
DA:197,0
DA:231,0
DA:232,0
DA:233,0
DA:241,0
DA:244,0
DA:252,0
DA:255,0
DA:256,0
DA:259,0
DA:260,0
DA:261,0
DA:262,0
DA:266,0
DA:267,0
DA:268,0
DA:272,0
DA:273,0
DA:274,0
DA:275,0
DA:277,0
DA:282,0
DA:283,0
DA:284,0
DA:291,0
DA:292,0
DA:293,0
DA:299,0
DA:334,0
DA:365,0
DA:370,0
DA:375,0
DA:384,0
DA:436,0
DA:437,0
DA:439,0
DA:459,0
DA:500,0
DA:611,0
LF:75
LH:0
BRDA:193,0,0,0
BRDA:203,1,0,0
BRDA:203,1,1,0
BRDA:207,2,0,0
BRDA:207,2,1,0
BRDA:210,3,0,0
BRDA:210,3,1,0
BRDA:217,4,0,0
BRDA:217,4,1,0
BRDA:256,5,0,0
BRDA:256,5,1,0
BRDA:283,6,0,0
BRDA:283,6,1,0
BRDA:283,7,0,0
BRDA:283,7,1,0
BRDA:283,7,2,0
BRDA:283,7,3,0
BRDA:291,8,0,0
BRDA:291,8,1,0
BRDA:299,9,0,0
BRDA:299,9,1,0
BRDA:392,10,0,0
BRDA:392,10,1,0
BRDA:409,11,0,0
BRDA:409,11,1,0
BRDA:422,12,0,0
BRDA:422,12,1,0
BRDA:436,13,0,0
BRDA:436,13,1,0
BRDA:436,14,0,0
BRDA:436,14,1,0
BRDA:436,14,2,0
BRDA:606,15,0,0
BRDA:606,15,1,0
BRDA:617,16,0,0
BRDA:617,16,1,0
BRDA:625,17,0,0
BRDA:625,17,1,0
BRDA:628,18,0,0
BRDA:628,18,1,0
BRDA:631,19,0,0
BRDA:631,19,1,0
BRDA:631,20,0,0
BRDA:631,20,1,0
BRDA:635,21,0,0
BRDA:635,21,1,0
BRDA:644,22,0,0
BRDA:644,22,1,0
BRDA:647,23,0,0
BRDA:647,23,1,0
BRDA:650,24,0,0
BRDA:650,24,1,0
BRDA:650,25,0,0
BRDA:650,25,1,0
BRDA:654,26,0,0
BRDA:654,26,1,0
BRDA:663,27,0,0
BRDA:663,27,1,0
BRDA:666,28,0,0
BRDA:666,28,1,0
BRDA:669,29,0,0
BRDA:669,29,1,0
BRDA:669,30,0,0
BRDA:669,30,1,0
BRDA:673,31,0,0
BRDA:673,31,1,0
BRDA:682,32,0,0
BRDA:682,32,1,0
BRDA:685,33,0,0
BRDA:685,33,1,0
BRDA:688,34,0,0
BRDA:688,34,1,0
BRDA:688,35,0,0
BRDA:688,35,1,0
BRF:74
BRH:0
end_of_record
TN:
SF:src\pages\Home\index.tsx
FN:23,(anonymous_1)
FN:30,(anonymous_2)
FN:44,(anonymous_3)
FN:92,(anonymous_4)
FN:112,(anonymous_5)
FN:135,(anonymous_6)
FN:138,(anonymous_7)
FN:144,(anonymous_8)
FN:147,(anonymous_9)
FNF:9
FNH:1
FNDA:0,(anonymous_1)
FNDA:0,(anonymous_2)
FNDA:32,(anonymous_3)
FNDA:0,(anonymous_4)
FNDA:0,(anonymous_5)
FNDA:0,(anonymous_6)
FNDA:0,(anonymous_7)
FNDA:0,(anonymous_8)
FNDA:0,(anonymous_9)
DA:1,2
DA:2,2
DA:3,2
DA:4,2
DA:11,2
DA:12,2
DA:14,2
DA:23,2
DA:24,0
DA:26,0
DA:30,0
DA:44,2
DA:45,32
DA:46,31
DA:48,0
DA:75,0
DA:92,0
DA:113,0
DA:135,0
DA:138,0
DA:144,0
DA:147,0
DA:159,2
LF:23
LH:12
BRDA:82,0,0,0
BRDA:82,0,1,0
BRDA:82,0,2,0
BRDA:87,1,0,0
BRDA:87,1,1,0
BRDA:100,2,0,0
BRDA:100,2,1,0
BRDA:133,3,0,0
BRDA:133,3,1,0
BRF:9
BRH:0
end_of_record
TN:
SF:src\pages\NotFound\index.tsx
FN:10,(anonymous_0)
FN:13,(anonymous_1)
FN:17,(anonymous_2)
FNF:3
FNH:0
FNDA:0,(anonymous_0)
FNDA:0,(anonymous_1)
FNDA:0,(anonymous_2)
DA:6,0
DA:10,0
DA:11,0
DA:13,0
DA:14,0
DA:17,0
DA:18,0
DA:21,0
LF:8
LH:0
BRF:0
BRH:0
end_of_record
TN:
SF:src\pages\Profile\index.tsx
FN:67,(anonymous_0)
FN:99,(anonymous_1)
FN:107,(anonymous_2)
FN:111,(anonymous_3)
FN:129,(anonymous_4)
FN:137,(anonymous_5)
FN:143,(anonymous_6)
FN:147,(anonymous_7)
FN:178,(anonymous_8)
FN:270,(anonymous_9)
FN:402,(anonymous_10)
FN:498,(anonymous_11)
FN:499,(anonymous_12)
FN:511,(anonymous_13)
FN:512,(anonymous_14)
FN:524,(anonymous_15)
FN:525,(anonymous_16)
FN:537,(anonymous_17)
FN:538,(anonymous_18)
FN:553,(anonymous_19)
FN:587,(anonymous_20)
FN:588,(anonymous_21)
FN:602,(anonymous_22)
FNF:23
FNH:0
FNDA:0,(anonymous_0)
FNDA:0,(anonymous_1)
FNDA:0,(anonymous_2)
FNDA:0,(anonymous_3)
FNDA:0,(anonymous_4)
FNDA:0,(anonymous_5)
FNDA:0,(anonymous_6)
FNDA:0,(anonymous_7)
FNDA:0,(anonymous_8)
FNDA:0,(anonymous_9)
FNDA:0,(anonymous_10)
FNDA:0,(anonymous_11)
FNDA:0,(anonymous_12)
FNDA:0,(anonymous_13)
FNDA:0,(anonymous_14)
FNDA:0,(anonymous_15)
FNDA:0,(anonymous_16)
FNDA:0,(anonymous_17)
FNDA:0,(anonymous_18)
FNDA:0,(anonymous_19)
FNDA:0,(anonymous_20)
FNDA:0,(anonymous_21)
FNDA:0,(anonymous_22)
DA:41,0
DA:42,0
DA:43,0
DA:44,0
DA:67,0
DA:68,0
DA:69,0
DA:70,0
DA:71,0
DA:72,0
DA:73,0
DA:74,0
DA:75,0
DA:78,0
DA:99,0
DA:101,0
DA:107,0
DA:108,0
DA:109,0
DA:111,0
DA:113,0
DA:119,0
DA:120,0
DA:121,0
DA:123,0
DA:125,0
DA:129,0
DA:130,0
DA:131,0
DA:132,0
DA:134,0
DA:136,0
DA:137,0
DA:138,0
DA:139,0
DA:143,0
DA:144,0
DA:145,0
DA:147,0
DA:148,0
DA:149,0
DA:150,0
DA:152,0
DA:154,0
DA:159,0
DA:165,0
DA:178,0
DA:271,0
DA:272,0
DA:274,0
DA:402,0
DA:499,0
DA:512,0
DA:525,0
DA:538,0
DA:553,0
DA:587,0
DA:589,0
DA:590,0
DA:592,0
DA:602,0
LF:61
LH:0
BRDA:79,0,0,0
BRDA:79,0,1,0
BRDA:80,1,0,0
BRDA:80,1,1,0
BRDA:81,2,0,0
BRDA:81,2,1,0
BRDA:103,3,0,0
BRDA:103,3,1,0
BRDA:116,4,0,0
BRDA:116,4,1,0
BRDA:130,5,0,0
BRDA:130,5,1,0
BRDA:134,6,0,0
BRDA:134,6,1,0
BRDA:182,7,0,0
BRDA:182,7,1,0
BRDA:188,8,0,0
BRDA:188,8,1,0
BRDA:224,9,0,0
BRDA:224,9,1,0
BRDA:230,10,0,0
BRDA:230,10,1,0
BRDA:236,11,0,0
BRDA:236,11,1,0
BRDA:241,12,0,0
BRDA:241,12,1,0
BRDA:268,13,0,0
BRDA:268,13,1,0
BRDA:269,14,0,0
BRDA:269,14,1,0
BRDA:271,15,0,0
BRDA:271,15,1,0
BRDA:279,16,0,0
BRDA:279,16,1,0
BRDA:589,17,0,0
BRDA:589,17,1,0
BRDA:589,18,0,0
BRDA:589,18,1,0
BRF:38
BRH:0
end_of_record
TN:
SF:src\pages\Settings\index.tsx
FN:13,(anonymous_0)
FN:15,(anonymous_1)
FN:19,(anonymous_2)
FN:25,(anonymous_3)
FN:31,(anonymous_4)
FN:35,(anonymous_5)
FN:45,(anonymous_6)
FNF:7
FNH:0
FNDA:0,(anonymous_0)
FNDA:0,(anonymous_1)
FNDA:0,(anonymous_2)
FNDA:0,(anonymous_3)
FNDA:0,(anonymous_4)
FNDA:0,(anonymous_5)
FNDA:0,(anonymous_6)
DA:8,0
DA:9,0
DA:13,0
DA:14,0
DA:15,0
DA:16,0
DA:19,0
DA:20,0
DA:21,0
DA:25,0
DA:26,0
DA:27,0
DA:31,0
DA:32,0
DA:33,0
DA:35,0
DA:36,0
DA:38,0
DA:40,0
DA:45,0
DA:46,0
DA:47,0
DA:48,0
DA:50,0
DA:53,0
LF:25
LH:0
BRDA:21,0,0,0
BRDA:21,0,1,0
BRDA:27,1,0,0
BRDA:27,1,1,0
BRDA:47,2,0,0
BRDA:47,2,1,0
BRF:6
BRH:0
end_of_record
TN:
SF:src\router\RouteGuard.tsx
FN:30,(anonymous_0)
FN:97,(anonymous_1)
FN:105,(anonymous_2)
FN:112,(anonymous_3)
FN:117,(anonymous_4)
FN:124,(anonymous_5)
FN:158,(anonymous_6)
FNF:7
FNH:0
FNDA:0,(anonymous_0)
FNDA:0,(anonymous_1)
FNDA:0,(anonymous_2)
FNDA:0,(anonymous_3)
FNDA:0,(anonymous_4)
FNDA:0,(anonymous_5)
FNDA:0,(anonymous_6)
DA:30,0
DA:41,0
DA:42,0
DA:45,0
DA:46,0
DA:59,0
DA:60,0
DA:70,0
DA:71,0
DA:81,0
DA:82,0
DA:86,0
DA:87,0
DA:97,0
DA:98,0
DA:99,0
DA:101,0
DA:105,0
DA:106,0
DA:107,0
DA:110,0
DA:112,0
DA:113,0
DA:117,0
DA:118,0
DA:124,0
DA:125,0
DA:126,0
DA:129,0
DA:130,0
DA:131,0
DA:133,0
DA:138,0
DA:142,0
DA:143,0
DA:147,0
DA:148,0
DA:158,0
DA:168,0
LF:39
LH:0
BRDA:32,0,0,0
BRDA:33,1,0,0
BRDA:34,2,0,0
BRDA:35,3,0,0
BRDA:36,4,0,0
BRDA:37,5,0,0
BRDA:38,6,0,0
BRDA:39,7,0,0
BRDA:45,8,0,0
BRDA:45,8,1,0
BRDA:45,9,0,0
BRDA:45,9,1,0
BRDA:59,10,0,0
BRDA:59,10,1,0
BRDA:59,11,0,0
BRDA:59,11,1,0
BRDA:70,12,0,0
BRDA:70,12,1,0
BRDA:70,13,0,0
BRDA:70,13,1,0
BRDA:70,13,2,0
BRDA:81,14,0,0
BRDA:81,14,1,0
BRDA:86,15,0,0
BRDA:86,15,1,0
BRDA:98,16,0,0
BRDA:98,16,1,0
BRDA:106,17,0,0
BRDA:106,17,1,0
BRDA:110,18,0,0
BRDA:110,18,1,0
BRDA:129,19,0,0
BRDA:129,19,1,0
BRDA:129,20,0,0
BRDA:129,20,1,0
BRDA:130,21,0,0
BRDA:130,21,1,0
BRDA:131,22,0,0
BRDA:131,22,1,0
BRDA:133,23,0,0
BRDA:133,23,1,0
BRDA:138,24,0,0
BRDA:138,24,1,0
BRDA:142,25,0,0
BRDA:142,25,1,0
BRDA:147,26,0,0
BRDA:147,26,1,0
BRF:47
BRH:0
end_of_record
TN:
SF:src\router\index.tsx
FN:13,(anonymous_0)
FN:27,(anonymous_1)
FN:54,(anonymous_2)
FN:87,(anonymous_3)
FNF:4
FNH:0
FNDA:0,(anonymous_0)
FNDA:0,(anonymous_1)
FNDA:0,(anonymous_2)
FNDA:0,(anonymous_3)
DA:13,0
DA:14,0
DA:27,0
DA:28,0
DA:29,0
DA:31,0
DA:54,0
DA:55,0
DA:57,0
DA:67,0
DA:77,0
DA:87,0
DA:88,0
LF:13
LH:0
BRDA:47,0,0,0
BRDA:47,0,1,0
BRDA:58,1,0,0
BRDA:58,1,1,0
BRDA:59,2,0,0
BRDA:59,2,1,0
BRF:6
BRH:0
end_of_record
TN:
SF:src\router\routes.ts
FN:5,(anonymous_0)
FN:6,(anonymous_1)
FN:9,(anonymous_2)
FN:10,(anonymous_3)
FN:11,(anonymous_4)
FN:12,(anonymous_5)
FN:15,(anonymous_6)
FN:16,(anonymous_7)
FN:17,(anonymous_8)
FN:20,(anonymous_9)
FN:21,(anonymous_10)
FN:103,(anonymous_11)
FN:104,(anonymous_12)
FNF:13
FNH:0
FNDA:0,(anonymous_0)
FNDA:0,(anonymous_1)
FNDA:0,(anonymous_2)
FNDA:0,(anonymous_3)
FNDA:0,(anonymous_4)
FNDA:0,(anonymous_5)
FNDA:0,(anonymous_6)
FNDA:0,(anonymous_7)
FNDA:0,(anonymous_8)
FNDA:0,(anonymous_9)
FNDA:0,(anonymous_10)
FNDA:0,(anonymous_11)
FNDA:0,(anonymous_12)
DA:5,0
DA:6,0
DA:9,0
DA:10,0
DA:11,0
DA:12,0
DA:15,0
DA:16,0
DA:17,0
DA:20,0
DA:21,0
DA:23,0
DA:102,0
DA:103,0
DA:104,0
LF:15
LH:0
BRDA:106,0,0,0
BRDA:106,0,1,0
BRF:2
BRH:0
end_of_record
TN:
SF:src\services\api.ts
FN:21,(anonymous_0)
FN:32,(anonymous_1)
FN:40,(anonymous_2)
FN:47,(anonymous_3)
FN:59,(anonymous_4)
FN:102,(anonymous_5)
FN:108,(anonymous_6)
FN:114,(anonymous_7)
FN:120,(anonymous_8)
FN:126,(anonymous_9)
FNF:10
FNH:0
FNDA:0,(anonymous_0)
FNDA:0,(anonymous_1)
FNDA:0,(anonymous_2)
FNDA:0,(anonymous_3)
FNDA:0,(anonymous_4)
FNDA:0,(anonymous_5)
FNDA:0,(anonymous_6)
FNDA:0,(anonymous_7)
FNDA:0,(anonymous_8)
FNDA:0,(anonymous_9)
DA:21,0
DA:22,0
DA:31,0
DA:34,0
DA:35,0
DA:36,0
DA:38,0
DA:41,0
DA:46,0
DA:48,0
DA:51,0
DA:52,0
DA:53,0
DA:54,0
DA:57,0
DA:61,0
DA:62,0
DA:64,0
DA:66,0
DA:67,0
DA:68,0
DA:69,0
DA:70,0
DA:72,0
DA:73,0
DA:75,0
DA:76,0
DA:78,0
DA:79,0
DA:81,0
DA:83,0
DA:84,0
DA:86,0
DA:89,0
DA:93,0
DA:97,0
DA:103,0
DA:104,0
DA:109,0
DA:110,0
DA:115,0
DA:116,0
DA:121,0
DA:122,0
DA:127,0
DA:128,0
LF:46
LH:0
BRDA:35,0,0,0
BRDA:35,0,1,0
BRDA:51,1,0,0
BRDA:51,1,1,0
BRDA:52,2,0,0
BRDA:52,2,1,0
BRDA:61,3,0,0
BRDA:61,3,1,0
BRDA:64,4,0,0
BRDA:64,4,1,0
BRDA:64,4,2,0
BRDA:64,4,3,0
BRDA:64,4,4,0
BRDA:81,5,0,0
BRDA:81,5,1,0
BRDA:83,6,0,0
BRDA:83,6,1,0
BRF:17
BRH:0
end_of_record
TN:
SF:src\services\auth.ts
FN:55,(anonymous_0)
FN:69,(anonymous_1)
FN:74,(anonymous_2)
FN:86,(anonymous_3)
FN:91,(anonymous_4)
FN:112,(anonymous_5)
FN:117,(anonymous_6)
FN:127,(anonymous_7)
FN:132,(anonymous_8)
FN:137,(anonymous_9)
FN:142,(anonymous_10)
FN:147,(anonymous_11)
FN:155,(anonymous_12)
FN:163,(anonymous_13)
FN:176,(anonymous_14)
FN:181,(anonymous_15)
FNF:16
FNH:0
FNDA:0,(anonymous_0)
FNDA:0,(anonymous_1)
FNDA:0,(anonymous_2)
FNDA:0,(anonymous_3)
FNDA:0,(anonymous_4)
FNDA:0,(anonymous_5)
FNDA:0,(anonymous_6)
FNDA:0,(anonymous_7)
FNDA:0,(anonymous_8)
FNDA:0,(anonymous_9)
FNDA:0,(anonymous_10)
FNDA:0,(anonymous_11)
FNDA:0,(anonymous_12)
FNDA:0,(anonymous_13)
FNDA:0,(anonymous_14)
FNDA:0,(anonymous_15)
DA:56,0
DA:59,0
DA:60,0
DA:61,0
DA:62,0
DA:65,0
DA:70,0
DA:75,0
DA:76,0
DA:79,0
DA:80,0
DA:81,0
DA:87,0
DA:92,0
DA:93,0
DA:94,0
DA:97,0
DA:102,0
DA:103,0
DA:104,0
DA:105,0
DA:108,0
DA:113,0
DA:118,0
DA:121,0
DA:123,0
DA:128,0
DA:133,0
DA:138,0
DA:143,0
DA:148,0
DA:151,0
DA:156,0
DA:159,0
DA:164,0
DA:165,0
DA:166,0
DA:167,0
DA:169,0
DA:172,0
DA:177,0
DA:182,0
DA:183,0
DA:184,0
LF:44
LH:0
BRDA:59,0,0,0
BRDA:59,0,1,0
BRDA:93,1,0,0
BRDA:93,1,1,0
BRDA:102,2,0,0
BRDA:102,2,1,0
BRDA:165,3,0,0
BRDA:165,3,1,0
BRDA:184,4,0,0
BRDA:184,4,1,0
BRF:10
BRH:0
end_of_record
TN:
SF:src\services\dashboard.ts
FN:92,(anonymous_0)
FN:97,(anonymous_1)
FN:102,(anonymous_2)
FN:107,(anonymous_3)
FN:112,(anonymous_4)
FN:117,(anonymous_5)
FN:122,(anonymous_6)
FN:142,(anonymous_7)
FN:147,(anonymous_8)
FN:169,(anonymous_9)
FN:179,(anonymous_10)
FN:184,(anonymous_11)
FN:192,(anonymous_12)
FN:206,(anonymous_13)
FN:217,(anonymous_14)
FNF:15
FNH:0
FNDA:0,(anonymous_0)
FNDA:0,(anonymous_1)
FNDA:0,(anonymous_2)
FNDA:0,(anonymous_3)
FNDA:0,(anonymous_4)
FNDA:0,(anonymous_5)
FNDA:0,(anonymous_6)
FNDA:0,(anonymous_7)
FNDA:0,(anonymous_8)
FNDA:0,(anonymous_9)
FNDA:0,(anonymous_10)
FNDA:0,(anonymous_11)
FNDA:0,(anonymous_12)
FNDA:0,(anonymous_13)
FNDA:0,(anonymous_14)
DA:93,0
DA:98,0
DA:103,0
DA:108,0
DA:113,0
DA:118,0
DA:133,0
DA:138,0
DA:143,0
DA:152,0
DA:158,0
DA:159,0
DA:175,0
DA:180,0
DA:188,0
DA:202,0
DA:213,0
DA:218,0
LF:18
LH:0
BRDA:97,0,0,0
BRDA:102,1,0,0
BRDA:107,2,0,0
BRDA:123,3,0,0
BRDA:124,4,0,0
BRDA:142,5,0,0
BRDA:160,6,0,0
BRDA:160,6,1,0
BRDA:162,7,0,0
BRDA:162,7,1,0
BRF:10
BRH:0
end_of_record
TN:
SF:src\services\dashboardService.ts
FN:34,(anonymous_0)
FN:37,(anonymous_1)
FN:73,(anonymous_2)
FN:104,(anonymous_3)
FN:116,(anonymous_4)
FNF:5
FNH:0
FNDA:0,(anonymous_0)
FNDA:0,(anonymous_1)
FNDA:0,(anonymous_2)
FNDA:0,(anonymous_3)
FNDA:0,(anonymous_4)
DA:1,1
DA:34,1
DA:37,1
DA:38,0
DA:41,0
DA:48,0
DA:73,1
DA:74,0
DA:76,0
DA:77,0
DA:78,0
DA:79,0
DA:81,0
DA:83,0
DA:84,0
DA:85,0
DA:86,0
DA:87,0
DA:88,0
DA:90,0
DA:100,0
DA:104,1
DA:105,0
DA:107,0
DA:116,1
DA:117,0
DA:123,0
LF:27
LH:6
BRDA:41,0,0,0
BRDA:41,0,1,0
BRF:2
BRH:0
end_of_record
TN:
SF:src\services\notification.ts
FN:81,(anonymous_0)
FN:102,(anonymous_1)
FN:107,(anonymous_2)
FN:112,(anonymous_3)
FN:117,(anonymous_4)
FN:122,(anonymous_5)
FN:127,(anonymous_6)
FN:132,(anonymous_7)
FN:137,(anonymous_8)
FN:142,(anonymous_9)
FN:147,(anonymous_10)
FN:153,(anonymous_11)
FN:158,(anonymous_12)
FN:163,(anonymous_13)
FN:168,(anonymous_14)
FN:173,(anonymous_15)
FN:178,(anonymous_16)
FN:187,(anonymous_17)
FN:192,(anonymous_18)
FN:198,(anonymous_19)
FN:216,(anonymous_20)
FN:232,(anonymous_21)
FN:255,(anonymous_22)
FNF:23
FNH:0
FNDA:0,(anonymous_0)
FNDA:0,(anonymous_1)
FNDA:0,(anonymous_2)
FNDA:0,(anonymous_3)
FNDA:0,(anonymous_4)
FNDA:0,(anonymous_5)
FNDA:0,(anonymous_6)
FNDA:0,(anonymous_7)
FNDA:0,(anonymous_8)
FNDA:0,(anonymous_9)
FNDA:0,(anonymous_10)
FNDA:0,(anonymous_11)
FNDA:0,(anonymous_12)
FNDA:0,(anonymous_13)
FNDA:0,(anonymous_14)
FNDA:0,(anonymous_15)
FNDA:0,(anonymous_16)
FNDA:0,(anonymous_17)
FNDA:0,(anonymous_18)
FNDA:0,(anonymous_19)
FNDA:0,(anonymous_20)
FNDA:0,(anonymous_21)
FNDA:0,(anonymous_22)
DA:93,0
DA:98,0
DA:103,0
DA:108,0
DA:113,0
DA:118,0
DA:123,0
DA:128,0
DA:133,0
DA:138,0
DA:143,0
DA:148,0
DA:149,0
DA:154,0
DA:159,0
DA:164,0
DA:169,0
DA:176,0
DA:178,0
DA:179,0
DA:180,0
DA:181,0
DA:183,0
DA:187,0
DA:188,0
DA:192,0
DA:193,0
DA:199,0
DA:200,0
DA:203,0
DA:204,0
DA:207,0
DA:208,0
DA:209,0
DA:212,0
DA:220,0
DA:222,0
DA:223,0
DA:233,0
DA:234,0
DA:237,0
DA:238,0
DA:239,0
DA:245,0
DA:249,0
DA:250,0
DA:256,0
DA:257,0
DA:260,0
DA:261,0
DA:262,0
DA:263,0
DA:264,0
DA:265,0
DA:266,0
DA:270,0
LF:56
LH:0
BRDA:82,0,0,0
BRDA:83,1,0,0
BRDA:199,2,0,0
BRDA:199,2,1,0
BRDA:203,3,0,0
BRDA:203,3,1,0
BRDA:207,4,0,0
BRDA:207,4,1,0
BRDA:222,5,0,0
BRDA:222,5,1,0
BRDA:233,6,0,0
BRDA:233,6,1,0
BRDA:233,7,0,0
BRDA:233,7,1,0
BRDA:256,8,0,0
BRDA:256,8,1,0
BRDA:262,9,0,0
BRDA:262,9,1,0
BRDA:264,10,0,0
BRDA:264,10,1,0
BRF:20
BRH:0
end_of_record
TN:
SF:src\services\auth\ClerkAuthService.ts
FN:29,(anonymous_0)
FN:33,(anonymous_1)
FN:47,(anonymous_2)
FN:55,(anonymous_3)
FN:63,(anonymous_4)
FN:79,(anonymous_5)
FN:87,(anonymous_6)
FN:95,(anonymous_7)
FN:103,(anonymous_8)
FN:111,(anonymous_9)
FN:113,(anonymous_10)
FN:119,(anonymous_11)
FN:127,(anonymous_12)
FN:135,(anonymous_13)
FN:143,(anonymous_14)
FN:145,(anonymous_15)
FN:151,(anonymous_16)
FN:159,(anonymous_17)
FN:169,(anonymous_18)
FN:179,(anonymous_19)
FN:191,(anonymous_20)
FN:203,(anonymous_21)
FN:218,(anonymous_22)
FN:223,(anonymous_23)
FN:240,(anonymous_24)
FN:251,(anonymous_25)
FN:261,(anonymous_26)
FN:272,(anonymous_27)
FN:286,(anonymous_28)
FN:297,(anonymous_29)
FN:308,(anonymous_30)
FN:320,(anonymous_31)
FN:325,(anonymous_32)
FN:345,(anonymous_33)
FN:352,(anonymous_34)
FN:394,(anonymous_35)
FN:395,(anonymous_36)
FN:404,(anonymous_37)
FN:414,(anonymous_38)
FN:419,(anonymous_39)
FN:428,(anonymous_40)
FNF:41
FNH:0
FNDA:0,(anonymous_0)
FNDA:0,(anonymous_1)
FNDA:0,(anonymous_2)
FNDA:0,(anonymous_3)
FNDA:0,(anonymous_4)
FNDA:0,(anonymous_5)
FNDA:0,(anonymous_6)
FNDA:0,(anonymous_7)
FNDA:0,(anonymous_8)
FNDA:0,(anonymous_9)
FNDA:0,(anonymous_10)
FNDA:0,(anonymous_11)
FNDA:0,(anonymous_12)
FNDA:0,(anonymous_13)
FNDA:0,(anonymous_14)
FNDA:0,(anonymous_15)
FNDA:0,(anonymous_16)
FNDA:0,(anonymous_17)
FNDA:0,(anonymous_18)
FNDA:0,(anonymous_19)
FNDA:0,(anonymous_20)
FNDA:0,(anonymous_21)
FNDA:0,(anonymous_22)
FNDA:0,(anonymous_23)
FNDA:0,(anonymous_24)
FNDA:0,(anonymous_25)
FNDA:0,(anonymous_26)
FNDA:0,(anonymous_27)
FNDA:0,(anonymous_28)
FNDA:0,(anonymous_29)
FNDA:0,(anonymous_30)
FNDA:0,(anonymous_31)
FNDA:0,(anonymous_32)
FNDA:0,(anonymous_33)
FNDA:0,(anonymous_34)
FNDA:0,(anonymous_35)
FNDA:0,(anonymous_36)
FNDA:0,(anonymous_37)
FNDA:0,(anonymous_38)
FNDA:0,(anonymous_39)
FNDA:0,(anonymous_40)
DA:14,2
DA:16,2
DA:22,2
DA:24,0
DA:25,0
DA:26,0
DA:27,0
DA:30,0
DA:34,0
DA:37,0
DA:39,0
DA:40,0
DA:42,0
DA:43,0
DA:48,0
DA:49,0
DA:51,0
DA:56,0
DA:57,0
DA:59,0
DA:64,0
DA:65,0
DA:67,0
DA:71,0
DA:72,0
DA:74,0
DA:75,0
DA:80,0
DA:81,0
DA:83,0
DA:88,0
DA:89,0
DA:91,0
DA:96,0
DA:97,0
DA:99,0
DA:104,0
DA:105,0
DA:107,0
DA:112,0
DA:113,0
DA:115,0
DA:120,0
DA:121,0
DA:123,0
DA:128,0
DA:129,0
DA:131,0
DA:136,0
DA:137,0
DA:139,0
DA:144,0
DA:145,0
DA:147,0
DA:152,0
DA:153,0
DA:155,0
DA:160,0
DA:161,0
DA:163,0
DA:165,0
DA:170,0
DA:173,0
DA:174,0
DA:175,0
DA:179,0
DA:180,0
DA:181,0
DA:182,0
DA:184,0
DA:185,0
DA:192,0
DA:196,0
DA:198,0
DA:199,0
DA:204,0
DA:207,0
DA:210,0
DA:212,0
DA:213,0
DA:214,0
DA:224,0
DA:232,0
DA:234,0
DA:235,0
DA:236,0
DA:241,0
DA:243,0
DA:245,0
DA:246,0
DA:247,0
DA:252,0
DA:255,0
DA:257,0
DA:262,0
DA:264,0
DA:266,0
DA:267,0
DA:268,0
DA:273,0
DA:279,0
DA:281,0
DA:282,0
DA:287,0
DA:289,0
DA:291,0
DA:292,0
DA:293,0
DA:298,0
DA:300,0
DA:302,0
DA:303,0
DA:304,0
DA:309,0
DA:313,0
DA:315,0
DA:316,0
DA:327,0
DA:329,0
DA:349,0
DA:354,0
DA:364,0
DA:365,0
DA:391,0
DA:395,0
DA:396,0
DA:397,0
DA:399,0
DA:405,0
DA:415,0
DA:420,0
DA:421,0
DA:422,0
DA:423,0
DA:429,0
DA:430,0
DA:431,0
DA:433,0
LF:138
LH:3
BRDA:39,0,0,0
BRDA:39,0,1,0
BRDA:48,1,0,0
BRDA:48,1,1,0
BRDA:56,2,0,0
BRDA:56,2,1,0
BRDA:64,3,0,0
BRDA:64,3,1,0
BRDA:74,4,0,0
BRDA:74,4,1,0
BRDA:80,5,0,0
BRDA:80,5,1,0
BRDA:88,6,0,0
BRDA:88,6,1,0
BRDA:96,7,0,0
BRDA:96,7,1,0
BRDA:104,8,0,0
BRDA:104,8,1,0
BRDA:112,9,0,0
BRDA:112,9,1,0
BRDA:112,10,0,0
BRDA:112,10,1,0
BRDA:120,11,0,0
BRDA:120,11,1,0
BRDA:120,12,0,0
BRDA:120,12,1,0
BRDA:128,13,0,0
BRDA:128,13,1,0
BRDA:136,14,0,0
BRDA:136,14,1,0
BRDA:144,15,0,0
BRDA:144,15,1,0
BRDA:144,16,0,0
BRDA:144,16,1,0
BRDA:152,17,0,0
BRDA:152,17,1,0
BRDA:152,18,0,0
BRDA:152,18,1,0
BRDA:161,19,0,0
BRDA:161,19,1,0
BRDA:174,20,0,0
BRDA:174,20,1,0
BRDA:181,21,0,0
BRDA:181,21,1,0
BRDA:184,22,0,0
BRDA:184,22,1,0
BRDA:327,23,0,0
BRDA:327,23,1,0
BRDA:331,24,0,0
BRDA:331,24,1,0
BRDA:333,25,0,0
BRDA:333,25,1,0
BRDA:334,26,0,0
BRDA:334,26,1,0
BRDA:335,27,0,0
BRDA:335,27,1,0
BRDA:341,28,0,0
BRDA:341,28,1,0
BRDA:364,29,0,0
BRDA:364,29,1,0
BRDA:415,30,0,0
BRDA:415,30,1,0
BRDA:420,31,0,0
BRDA:420,31,1,0
BRDA:430,32,0,0
BRDA:430,32,1,0
BRF:66
BRH:0
end_of_record
TN:
SF:src\services\auth\LocalAuthService.ts
FN:103,(anonymous_0)
FN:127,(anonymous_1)
FN:131,(anonymous_2)
FN:185,(anonymous_3)
FN:189,(anonymous_4)
FN:194,(anonymous_5)
FN:229,(anonymous_6)
FN:249,(anonymous_7)
FN:278,(anonymous_8)
FN:282,(anonymous_9)
FN:302,(anonymous_10)
FN:324,(anonymous_11)
FN:326,(anonymous_12)
FN:329,(anonymous_13)
FN:334,(anonymous_14)
FN:346,(anonymous_15)
FN:350,(anonymous_16)
FN:352,(anonymous_17)
FN:355,(anonymous_18)
FN:359,(anonymous_19)
FN:371,(anonymous_20)
FN:375,(anonymous_21)
FN:384,(anonymous_22)
FN:396,(anonymous_23)
FN:407,(anonymous_24)
FN:415,(anonymous_25)
FN:424,(anonymous_26)
FN:425,(anonymous_27)
FN:435,(anonymous_28)
FN:439,(anonymous_29)
FNF:30
FNH:0
FNDA:0,(anonymous_0)
FNDA:0,(anonymous_1)
FNDA:0,(anonymous_2)
FNDA:0,(anonymous_3)
FNDA:0,(anonymous_4)
FNDA:0,(anonymous_5)
FNDA:0,(anonymous_6)
FNDA:0,(anonymous_7)
FNDA:0,(anonymous_8)
FNDA:0,(anonymous_9)
FNDA:0,(anonymous_10)
FNDA:0,(anonymous_11)
FNDA:0,(anonymous_12)
FNDA:0,(anonymous_13)
FNDA:0,(anonymous_14)
FNDA:0,(anonymous_15)
FNDA:0,(anonymous_16)
FNDA:0,(anonymous_17)
FNDA:0,(anonymous_18)
FNDA:0,(anonymous_19)
FNDA:0,(anonymous_20)
FNDA:0,(anonymous_21)
FNDA:0,(anonymous_22)
FNDA:0,(anonymous_23)
FNDA:0,(anonymous_24)
FNDA:0,(anonymous_25)
FNDA:0,(anonymous_26)
FNDA:0,(anonymous_27)
FNDA:0,(anonymous_28)
FNDA:0,(anonymous_29)
DA:14,2
DA:21,2
DA:22,0
DA:23,0
DA:24,0
DA:25,0
DA:26,0
DA:29,0
DA:98,0
DA:104,0
DA:107,0
DA:108,0
DA:110,0
DA:111,0
DA:112,0
DA:113,0
DA:116,0
DA:117,0
DA:118,0
DA:121,0
DA:122,0
DA:128,0
DA:131,0
DA:132,0
DA:133,0
DA:137,0
DA:138,0
DA:142,0
DA:143,0
DA:144,0
DA:148,0
DA:149,0
DA:152,0
DA:158,0
DA:159,0
DA:160,0
DA:163,0
DA:164,0
DA:165,0
DA:166,0
DA:168,0
DA:169,0
DA:173,0
DA:175,0
DA:177,0
DA:186,0
DA:189,0
DA:190,0
DA:194,0
DA:195,0
DA:199,0
DA:223,0
DA:224,0
DA:226,0
DA:231,0
DA:232,0
DA:233,0
DA:234,0
DA:235,0
DA:238,0
DA:239,0
DA:240,0
DA:241,0
DA:244,0
DA:245,0
DA:250,0
DA:251,0
DA:255,0
DA:256,0
DA:258,0
DA:259,0
DA:262,0
DA:263,0
DA:264,0
DA:265,0
DA:268,0
DA:270,0
DA:279,0
DA:283,0
DA:284,0
DA:287,0
DA:293,0
DA:296,0
DA:297,0
DA:299,0
DA:303,0
DA:304,0
DA:307,0
DA:310,0
DA:311,0
DA:312,0
DA:316,0
DA:317,0
DA:321,0
DA:325,0
DA:326,0
DA:330,0
DA:331,0
DA:335,0
DA:338,0
DA:339,0
DA:340,0
DA:342,0
DA:347,0
DA:351,0
DA:352,0
DA:356,0
DA:360,0
DA:361,0
DA:362,0
DA:363,0
DA:364,0
DA:366,0
DA:367,0
DA:368,0
DA:372,0
DA:375,0
DA:376,0
DA:377,0
DA:378,0
DA:385,0
DA:386,0
DA:393,0
DA:397,0
DA:404,0
DA:408,0
DA:409,0
DA:411,0
DA:416,0
DA:425,0
DA:426,0
DA:427,0
DA:429,0
DA:436,0
DA:440,0
DA:441,0
LF:136
LH:2
BRDA:110,0,0,0
BRDA:110,0,1,0
BRDA:110,1,0,0
BRDA:110,1,1,0
BRDA:117,2,0,0
BRDA:117,2,1,0
BRDA:132,3,0,0
BRDA:132,3,1,0
BRDA:137,4,0,0
BRDA:137,4,1,0
BRDA:143,5,0,0
BRDA:143,5,1,0
BRDA:163,6,0,0
BRDA:163,6,1,0
BRDA:175,7,0,0
BRDA:175,7,1,0
BRDA:189,8,0,0
BRDA:189,8,1,0
BRDA:194,9,0,0
BRDA:194,9,1,0
BRDA:203,10,0,0
BRDA:203,10,1,0
BRDA:204,11,0,0
BRDA:204,11,1,0
BRDA:244,12,0,0
BRDA:244,12,1,0
BRDA:250,13,0,0
BRDA:250,13,1,0
BRDA:250,14,0,0
BRDA:250,14,1,0
BRDA:262,15,0,0
BRDA:262,15,1,0
BRDA:264,16,0,0
BRDA:264,16,1,0
BRDA:268,17,0,0
BRDA:268,17,1,0
BRDA:283,18,0,0
BRDA:283,18,1,0
BRDA:296,19,0,0
BRDA:296,19,1,0
BRDA:303,20,0,0
BRDA:303,20,1,0
BRDA:311,21,0,0
BRDA:311,21,1,0
BRDA:316,22,0,0
BRDA:316,22,1,0
BRDA:325,23,0,0
BRDA:325,23,1,0
BRDA:330,24,0,0
BRDA:330,24,1,0
BRDA:335,25,0,0
BRDA:335,25,1,0
BRDA:335,26,0,0
BRDA:335,26,1,0
BRDA:340,27,0,0
BRDA:340,27,1,0
BRDA:347,28,0,0
BRDA:347,28,1,0
BRDA:351,29,0,0
BRDA:351,29,1,0
BRDA:356,30,0,0
BRDA:356,30,1,0
BRDA:377,31,0,0
BRDA:377,31,1,0
BRDA:389,32,0,0
BRDA:389,32,1,0
BRDA:401,33,0,0
BRDA:401,33,1,0
BRF:68
BRH:0
end_of_record
TN:
SF:src\services\auth\PermissionService.ts
FN:19,(anonymous_0)
FN:27,(anonymous_1)
FN:37,(anonymous_2)
FN:211,(anonymous_3)
FN:254,(anonymous_4)
FN:260,(anonymous_5)
FN:268,(anonymous_6)
FN:277,(anonymous_7)
FN:287,(anonymous_8)
FN:297,(anonymous_9)
FN:310,(anonymous_10)
FN:318,(anonymous_11)
FN:333,(anonymous_12)
FN:341,(anonymous_13)
FN:352,(anonymous_14)
FN:353,(anonymous_15)
FN:364,(anonymous_16)
FN:371,(anonymous_17)
FN:390,(anonymous_18)
FN:403,(anonymous_19)
FN:404,(anonymous_20)
FN:414,(anonymous_21)
FN:434,(anonymous_22)
FN:441,(anonymous_23)
FN:448,(anonymous_24)
FN:455,(anonymous_25)
FN:457,(anonymous_26)
FN:466,(anonymous_27)
FN:468,(anonymous_28)
FN:475,(anonymous_29)
FN:482,(anonymous_30)
FN:489,(anonymous_31)
FN:493,(anonymous_32)
FN:494,(anonymous_33)
FN:508,(anonymous_34)
FN:521,(anonymous_35)
FN:525,(anonymous_36)
FN:529,(anonymous_37)
FN:533,(anonymous_38)
FN:537,(anonymous_39)
FN:541,(anonymous_40)
FN:545,(anonymous_41)
FNF:42
FNH:0
FNDA:0,(anonymous_0)
FNDA:0,(anonymous_1)
FNDA:0,(anonymous_2)
FNDA:0,(anonymous_3)
FNDA:0,(anonymous_4)
FNDA:0,(anonymous_5)
FNDA:0,(anonymous_6)
FNDA:0,(anonymous_7)
FNDA:0,(anonymous_8)
FNDA:0,(anonymous_9)
FNDA:0,(anonymous_10)
FNDA:0,(anonymous_11)
FNDA:0,(anonymous_12)
FNDA:0,(anonymous_13)
FNDA:0,(anonymous_14)
FNDA:0,(anonymous_15)
FNDA:0,(anonymous_16)
FNDA:0,(anonymous_17)
FNDA:0,(anonymous_18)
FNDA:0,(anonymous_19)
FNDA:0,(anonymous_20)
FNDA:0,(anonymous_21)
FNDA:0,(anonymous_22)
FNDA:0,(anonymous_23)
FNDA:0,(anonymous_24)
FNDA:0,(anonymous_25)
FNDA:0,(anonymous_26)
FNDA:0,(anonymous_27)
FNDA:0,(anonymous_28)
FNDA:0,(anonymous_29)
FNDA:0,(anonymous_30)
FNDA:0,(anonymous_31)
FNDA:0,(anonymous_32)
FNDA:0,(anonymous_33)
FNDA:0,(anonymous_34)
FNDA:0,(anonymous_35)
FNDA:0,(anonymous_36)
FNDA:0,(anonymous_37)
FNDA:0,(anonymous_38)
FNDA:0,(anonymous_39)
FNDA:0,(anonymous_40)
FNDA:0,(anonymous_41)
DA:15,0
DA:16,0
DA:17,0
DA:20,0
DA:21,0
DA:28,0
DA:29,0
DA:31,0
DA:39,0
DA:113,0
DA:159,0
DA:191,0
DA:202,0
DA:203,0
DA:204,0
DA:205,0
DA:213,0
DA:214,0
DA:215,0
DA:216,0
DA:217,0
DA:218,0
DA:219,0
DA:220,0
DA:221,0
DA:222,0
DA:223,0
DA:224,0
DA:225,0
DA:226,0
DA:229,0
DA:235,0
DA:241,0
DA:246,0
DA:255,0
DA:256,0
DA:260,0
DA:261,0
DA:262,0
DA:266,0
DA:267,0
DA:268,0
DA:271,0
DA:278,0
DA:279,0
DA:281,0
DA:288,0
DA:289,0
DA:291,0
DA:298,0
DA:299,0
DA:303,0
DA:304,0
DA:306,0
DA:310,0
DA:311,0
DA:319,0
DA:320,0
DA:323,0
DA:324,0
DA:325,0
DA:328,0
DA:329,0
DA:330,0
DA:333,0
DA:334,0
DA:342,0
DA:343,0
DA:347,0
DA:348,0
DA:351,0
DA:352,0
DA:353,0
DA:354,0
DA:358,0
DA:365,0
DA:373,0
DA:374,0
DA:378,0
DA:379,0
DA:380,0
DA:384,0
DA:392,0
DA:396,0
DA:397,0
DA:404,0
DA:406,0
DA:407,0
DA:408,0
DA:413,0
DA:414,0
DA:415,0
DA:417,0
DA:418,0
DA:423,0
DA:424,0
DA:427,0
DA:435,0
DA:442,0
DA:449,0
DA:456,0
DA:457,0
DA:458,0
DA:459,0
DA:467,0
DA:468,0
DA:469,0
DA:476,0
DA:483,0
DA:490,0
DA:491,0
DA:493,0
DA:494,0
DA:495,0
DA:496,0
DA:497,0
DA:502,0
DA:509,0
DA:510,0
DA:511,0
DA:512,0
DA:513,0
DA:518,0
DA:521,0
DA:522,0
DA:525,0
DA:526,0
DA:529,0
DA:530,0
DA:533,0
DA:534,0
DA:537,0
DA:538,0
DA:541,0
DA:542,0
DA:545,0
DA:546,0
LF:137
LH:0
BRDA:28,0,0,0
BRDA:28,0,1,0
BRDA:255,1,0,0
BRDA:255,1,1,0
BRDA:261,2,0,0
BRDA:261,2,1,0
BRDA:267,3,0,0
BRDA:267,3,1,0
BRDA:278,4,0,0
BRDA:278,4,1,0
BRDA:288,5,0,0
BRDA:288,5,1,0
BRDA:298,6,0,0
BRDA:298,6,1,0
BRDA:304,7,0,0
BRDA:304,7,1,0
BRDA:319,8,0,0
BRDA:319,8,1,0
BRDA:324,9,0,0
BRDA:324,9,1,0
BRDA:329,10,0,0
BRDA:329,10,1,0
BRDA:342,11,0,0
BRDA:342,11,1,0
BRDA:348,12,0,0
BRDA:348,12,1,0
BRDA:353,13,0,0
BRDA:353,13,1,0
BRDA:365,14,0,0
BRDA:365,14,1,0
BRDA:373,15,0,0
BRDA:373,15,1,0
BRDA:374,16,0,0
BRDA:374,16,1,0
BRDA:379,17,0,0
BRDA:379,17,1,0
BRDA:406,18,0,0
BRDA:406,18,1,0
BRDA:406,19,0,0
BRDA:406,19,1,0
BRDA:407,20,0,0
BRDA:407,20,1,0
BRDA:413,21,0,0
BRDA:413,21,1,0
BRDA:413,22,0,0
BRDA:413,22,1,0
BRDA:417,23,0,0
BRDA:417,23,1,0
BRDA:423,24,0,0
BRDA:423,24,1,0
BRDA:456,25,0,0
BRDA:456,25,1,0
BRDA:457,26,0,0
BRDA:457,26,1,0
BRDA:467,27,0,0
BRDA:467,27,1,0
BRDA:495,28,0,0
BRDA:495,28,1,0
BRF:58
BRH:0
end_of_record
TN:
SF:src\store\index.ts
FN:14,(anonymous_1)
FN:26,(anonymous_2)
FN:27,(anonymous_3)
FN:31,(anonymous_4)
FN:32,(anonymous_5)
FN:33,(anonymous_6)
FN:34,(anonymous_7)
FN:35,(anonymous_8)
FN:36,(anonymous_9)
FN:37,(anonymous_10)
FN:38,(anonymous_11)
FN:39,(anonymous_12)
FN:40,(anonymous_13)
FN:41,(anonymous_14)
FN:42,(anonymous_15)
FN:43,(anonymous_16)
FN:44,(anonymous_17)
FN:45,(anonymous_18)
FN:46,(anonymous_19)
FN:47,(anonymous_20)
FN:48,(anonymous_21)
FN:49,(anonymous_22)
FN:50,(anonymous_23)
FN:51,(anonymous_24)
FN:52,(anonymous_25)
FN:53,(anonymous_26)
FN:54,(anonymous_27)
FN:55,(anonymous_28)
FN:56,(anonymous_29)
FN:57,(anonymous_30)
FN:58,(anonymous_31)
FN:59,(anonymous_32)
FN:60,(anonymous_33)
FN:61,(anonymous_34)
FN:62,(anonymous_35)
FN:63,(anonymous_36)
FNF:36
FNH:1
FNDA:2,(anonymous_1)
FNDA:0,(anonymous_2)
FNDA:0,(anonymous_3)
FNDA:0,(anonymous_4)
FNDA:0,(anonymous_5)
FNDA:0,(anonymous_6)
FNDA:0,(anonymous_7)
FNDA:0,(anonymous_8)
FNDA:0,(anonymous_9)
FNDA:0,(anonymous_10)
FNDA:0,(anonymous_11)
FNDA:0,(anonymous_12)
FNDA:0,(anonymous_13)
FNDA:0,(anonymous_14)
FNDA:0,(anonymous_15)
FNDA:0,(anonymous_16)
FNDA:0,(anonymous_17)
FNDA:0,(anonymous_18)
FNDA:0,(anonymous_19)
FNDA:0,(anonymous_20)
FNDA:0,(anonymous_21)
FNDA:0,(anonymous_22)
FNDA:0,(anonymous_23)
FNDA:0,(anonymous_24)
FNDA:0,(anonymous_25)
FNDA:0,(anonymous_26)
FNDA:0,(anonymous_27)
FNDA:0,(anonymous_28)
FNDA:0,(anonymous_29)
FNDA:0,(anonymous_30)
FNDA:0,(anonymous_31)
FNDA:0,(anonymous_32)
FNDA:0,(anonymous_33)
FNDA:0,(anonymous_34)
FNDA:0,(anonymous_35)
FNDA:0,(anonymous_36)
DA:1,2
DA:2,2
DA:3,2
DA:4,2
DA:5,2
DA:7,2
DA:15,2
DA:26,2
DA:27,2
DA:30,2
DA:31,2
DA:32,2
DA:33,2
DA:34,2
DA:35,2
DA:36,2
DA:37,2
DA:38,2
DA:39,2
DA:40,2
DA:41,2
DA:42,2
DA:43,2
DA:44,2
DA:45,2
DA:46,2
DA:47,2
DA:48,2
DA:49,2
DA:50,2
DA:51,2
DA:52,2
DA:53,2
DA:54,2
DA:55,2
DA:56,2
DA:57,2
DA:58,2
DA:59,2
DA:60,2
DA:61,2
DA:62,2
DA:63,2
LF:43
LH:43
BRF:0
BRH:0
end_of_record
TN:
SF:src\store\slices\authSlice.ts
FN:49,(anonymous_0)
FN:61,(anonymous_1)
FN:94,(anonymous_2)
FN:121,(anonymous_3)
FN:140,(anonymous_4)
FN:159,(anonymous_5)
FN:186,(anonymous_6)
FN:205,(anonymous_7)
FN:224,(anonymous_8)
FN:243,(anonymous_9)
FN:265,(anonymous_10)
FN:270,(anonymous_11)
FN:275,(anonymous_12)
FN:280,(anonymous_13)
FN:291,(anonymous_14)
FN:296,(anonymous_15)
FN:301,(anonymous_16)
FN:310,(anonymous_17)
FN:317,(anonymous_18)
FN:320,(anonymous_19)
FN:324,(anonymous_20)
FN:334,(anonymous_21)
FN:343,(anonymous_22)
FN:347,(anonymous_23)
FN:357,(anonymous_24)
FN:368,(anonymous_25)
FN:372,(anonymous_26)
FN:377,(anonymous_27)
FN:384,(anonymous_28)
FN:387,(anonymous_29)
FN:397,(anonymous_30)
FN:409,(anonymous_31)
FN:412,(anonymous_32)
FN:421,(anonymous_33)
FN:433,(anonymous_34)
FN:436,(anonymous_35)
FN:445,(anonymous_36)
FN:452,(anonymous_37)
FN:456,(anonymous_38)
FN:462,(anonymous_39)
FN:469,(anonymous_40)
FN:473,(anonymous_41)
FN:477,(anonymous_42)
FN:484,(anonymous_43)
FN:487,(anonymous_44)
FN:498,(anonymous_45)
FN:523,(anonymous_46)
FN:524,(anonymous_47)
FN:525,(anonymous_48)
FN:526,(anonymous_49)
FN:527,(anonymous_50)
FN:528,(anonymous_51)
FN:529,(anonymous_52)
FN:530,(anonymous_53)
FN:531,(anonymous_54)
FN:532,(anonymous_55)
FN:535,(anonymous_56)
FN:539,(anonymous_57)
FN:543,(anonymous_58)
FN:549,(anonymous_59)
FN:563,(anonymous_60)
FNF:61
FNH:1
FNDA:0,(anonymous_0)
FNDA:0,(anonymous_1)
FNDA:0,(anonymous_2)
FNDA:0,(anonymous_3)
FNDA:0,(anonymous_4)
FNDA:0,(anonymous_5)
FNDA:0,(anonymous_6)
FNDA:0,(anonymous_7)
FNDA:0,(anonymous_8)
FNDA:0,(anonymous_9)
FNDA:0,(anonymous_10)
FNDA:0,(anonymous_11)
FNDA:0,(anonymous_12)
FNDA:0,(anonymous_13)
FNDA:0,(anonymous_14)
FNDA:0,(anonymous_15)
FNDA:0,(anonymous_16)
FNDA:0,(anonymous_17)
FNDA:2,(anonymous_18)
FNDA:0,(anonymous_19)
FNDA:0,(anonymous_20)
FNDA:0,(anonymous_21)
FNDA:0,(anonymous_22)
FNDA:0,(anonymous_23)
FNDA:0,(anonymous_24)
FNDA:0,(anonymous_25)
FNDA:0,(anonymous_26)
FNDA:0,(anonymous_27)
FNDA:0,(anonymous_28)
FNDA:0,(anonymous_29)
FNDA:0,(anonymous_30)
FNDA:0,(anonymous_31)
FNDA:0,(anonymous_32)
FNDA:0,(anonymous_33)
FNDA:0,(anonymous_34)
FNDA:0,(anonymous_35)
FNDA:0,(anonymous_36)
FNDA:0,(anonymous_37)
FNDA:0,(anonymous_38)
FNDA:0,(anonymous_39)
FNDA:0,(anonymous_40)
FNDA:0,(anonymous_41)
FNDA:0,(anonymous_42)
FNDA:0,(anonymous_43)
FNDA:0,(anonymous_44)
FNDA:0,(anonymous_45)
FNDA:0,(anonymous_46)
FNDA:0,(anonymous_47)
FNDA:0,(anonymous_48)
FNDA:0,(anonymous_49)
FNDA:0,(anonymous_50)
FNDA:0,(anonymous_51)
FNDA:0,(anonymous_52)
FNDA:0,(anonymous_53)
FNDA:0,(anonymous_54)
FNDA:0,(anonymous_55)
FNDA:0,(anonymous_56)
FNDA:0,(anonymous_57)
FNDA:0,(anonymous_58)
FNDA:0,(anonymous_59)
FNDA:0,(anonymous_60)
DA:2,2
DA:15,2
DA:16,2
DA:33,2
DA:49,2
DA:50,0
DA:51,0
DA:53,0
DA:59,2
DA:62,0
DA:63,0
DA:64,0
DA:72,0
DA:73,0
DA:75,0
DA:81,0
DA:92,2
DA:95,0
DA:96,0
DA:97,0
DA:100,0
DA:101,0
DA:103,0
DA:108,0
DA:119,2
DA:122,0
DA:123,0
DA:124,0
DA:125,0
DA:127,0
DA:138,2
DA:141,0
DA:142,0
DA:143,0
DA:144,0
DA:146,0
DA:157,2
DA:160,0
DA:161,0
DA:162,0
DA:165,0
DA:166,0
DA:168,0
DA:173,0
DA:184,2
DA:187,0
DA:188,0
DA:189,0
DA:190,0
DA:192,0
DA:203,2
DA:206,0
DA:207,0
DA:208,0
DA:209,0
DA:211,0
DA:222,2
DA:225,0
DA:226,0
DA:227,0
DA:228,0
DA:230,0
DA:241,2
DA:244,0
DA:245,0
DA:246,0
DA:247,0
DA:249,0
DA:260,2
DA:266,0
DA:271,0
DA:276,0
DA:281,0
DA:282,0
DA:283,0
DA:284,0
DA:285,0
DA:286,0
DA:287,0
DA:292,0
DA:297,0
DA:302,0
DA:303,0
DA:304,0
DA:305,0
DA:311,0
DA:312,0
DA:313,0
DA:319,2
DA:321,0
DA:322,0
DA:325,0
DA:326,0
DA:327,0
DA:328,0
DA:329,0
DA:330,0
DA:331,0
DA:335,0
DA:336,0
DA:337,0
DA:338,0
DA:342,2
DA:344,0
DA:345,0
DA:348,0
DA:349,0
DA:350,0
DA:351,0
DA:352,0
DA:353,0
DA:354,0
DA:355,0
DA:358,0
DA:359,0
DA:360,0
DA:361,0
DA:362,0
DA:363,0
DA:367,2
DA:369,0
DA:370,0
DA:373,0
DA:374,0
DA:378,0
DA:379,0
DA:383,2
DA:385,0
DA:388,0
DA:389,0
DA:390,0
DA:391,0
DA:392,0
DA:393,0
DA:394,0
DA:395,0
DA:398,0
DA:399,0
DA:401,0
DA:402,0
DA:403,0
DA:404,0
DA:408,2
DA:410,0
DA:413,0
DA:414,0
DA:415,0
DA:416,0
DA:417,0
DA:418,0
DA:419,0
DA:422,0
DA:423,0
DA:425,0
DA:426,0
DA:427,0
DA:428,0
DA:432,2
DA:434,0
DA:437,0
DA:438,0
DA:439,0
DA:440,0
DA:441,0
DA:442,0
DA:446,0
DA:447,0
DA:451,2
DA:453,0
DA:454,0
DA:457,0
DA:458,0
DA:459,0
DA:460,0
DA:463,0
DA:464,0
DA:468,2
DA:470,0
DA:471,0
DA:474,0
DA:475,0
DA:478,0
DA:479,0
DA:483,2
DA:485,0
DA:488,0
DA:489,0
DA:491,0
DA:492,0
DA:493,0
DA:494,0
DA:496,0
DA:499,0
DA:500,0
DA:502,0
DA:503,0
DA:504,0
DA:505,0
DA:511,2
DA:523,2
DA:524,2
DA:525,2
DA:526,2
DA:527,2
DA:528,2
DA:529,2
DA:530,2
DA:531,2
DA:532,2
DA:535,2
DA:536,0
DA:539,2
DA:540,0
DA:543,2
DA:544,0
DA:545,0
DA:546,0
DA:549,2
DA:550,0
DA:551,0
DA:552,0
DA:553,0
DA:554,0
DA:555,0
DA:556,0
DA:560,2
DA:563,2
LF:227
LH:41
BRDA:49,0,0,0
BRDA:50,1,0,0
BRDA:50,1,1,0
BRDA:50,2,0,0
BRDA:50,2,1,0
BRDA:50,2,2,0
BRDA:51,3,0,0
BRDA:51,3,1,0
BRDA:61,4,0,0
BRDA:66,5,0,0
BRDA:66,5,1,0
BRDA:83,6,0,0
BRDA:83,6,1,0
BRDA:110,7,0,0
BRDA:110,7,1,0
BRDA:129,8,0,0
BRDA:129,8,1,0
BRDA:148,9,0,0
BRDA:148,9,1,0
BRDA:175,10,0,0
BRDA:175,10,1,0
BRDA:194,11,0,0
BRDA:194,11,1,0
BRDA:213,12,0,0
BRDA:213,12,1,0
BRDA:232,13,0,0
BRDA:232,13,1,0
BRDA:251,14,0,0
BRDA:251,14,1,0
BRDA:304,15,0,0
BRDA:304,15,1,0
BRDA:312,16,0,0
BRDA:312,16,1,0
BRDA:330,17,0,0
BRDA:330,17,1,0
BRDA:441,18,0,0
BRDA:441,18,1,0
BRDA:489,19,0,0
BRDA:489,19,1,0
BRDA:536,20,0,0
BRDA:536,20,1,0
BRDA:540,21,0,0
BRDA:540,21,1,0
BRDA:545,22,0,0
BRDA:545,22,1,0
BRDA:549,23,0,0
BRDA:551,24,0,0
BRDA:551,24,1,0
BRDA:556,25,0,0
BRDA:556,25,1,0
BRF:50
BRH:0
end_of_record
TN:
SF:src\store\slices\dashboardSlice.ts
FN:58,(anonymous_0)
FN:70,(anonymous_1)
FN:82,(anonymous_2)
FN:94,(anonymous_3)
FN:108,(anonymous_4)
FN:111,(anonymous_5)
FN:119,(anonymous_6)
FN:123,(anonymous_7)
FN:126,(anonymous_8)
FN:130,(anonymous_9)
FN:135,(anonymous_10)
FN:142,(anonymous_11)
FN:146,(anonymous_12)
FN:151,(anonymous_13)
FN:158,(anonymous_14)
FN:162,(anonymous_15)
FN:167,(anonymous_16)
FN:174,(anonymous_17)
FN:178,(anonymous_18)
FN:185,(anonymous_19)
FNF:20
FNH:1
FNDA:0,(anonymous_0)
FNDA:0,(anonymous_1)
FNDA:0,(anonymous_2)
FNDA:0,(anonymous_3)
FNDA:0,(anonymous_4)
FNDA:0,(anonymous_5)
FNDA:0,(anonymous_6)
FNDA:2,(anonymous_7)
FNDA:0,(anonymous_8)
FNDA:0,(anonymous_9)
FNDA:0,(anonymous_10)
FNDA:0,(anonymous_11)
FNDA:0,(anonymous_12)
FNDA:0,(anonymous_13)
FNDA:0,(anonymous_14)
FNDA:0,(anonymous_15)
FNDA:0,(anonymous_16)
FNDA:0,(anonymous_17)
FNDA:0,(anonymous_18)
FNDA:0,(anonymous_19)
DA:1,2
DA:3,2
DA:35,2
DA:56,2
DA:59,0
DA:60,0
DA:61,0
DA:63,0
DA:68,2
DA:71,0
DA:72,0
DA:73,0
DA:75,0
DA:80,2
DA:83,0
DA:84,0
DA:85,0
DA:87,0
DA:92,2
DA:95,0
DA:96,0
DA:97,0
DA:99,0
DA:104,2
DA:109,0
DA:112,0
DA:120,0
DA:125,2
DA:127,0
DA:128,0
DA:131,0
DA:132,0
DA:133,0
DA:136,0
DA:137,0
DA:141,2
DA:143,0
DA:144,0
DA:147,0
DA:148,0
DA:149,0
DA:152,0
DA:153,0
DA:157,2
DA:159,0
DA:160,0
DA:163,0
DA:164,0
DA:165,0
DA:168,0
DA:169,0
DA:173,2
DA:175,0
DA:176,0
DA:179,0
DA:180,0
DA:181,0
DA:182,0
DA:183,0
DA:186,0
DA:187,0
DA:192,2
DA:193,2
LF:63
LH:14
BRDA:63,0,0,0
BRDA:63,0,1,0
BRDA:75,1,0,0
BRDA:75,1,1,0
BRDA:87,2,0,0
BRDA:87,2,1,0
BRDA:99,3,0,0
BRDA:99,3,1,0
BRF:8
BRH:0
end_of_record
TN:
SF:src\store\slices\uiSlice.ts
FN:41,(anonymous_0)
FN:44,(anonymous_1)
FN:47,(anonymous_2)
FN:50,(anonymous_3)
FN:53,(anonymous_4)
FN:56,(anonymous_5)
FN:59,(anonymous_6)
FN:62,(anonymous_7)
FN:64,(anonymous_8)
FN:67,(anonymous_9)
FN:70,(anonymous_10)
FN:75,(anonymous_11)
FNF:12
FNH:0
FNDA:0,(anonymous_0)
FNDA:0,(anonymous_1)
FNDA:0,(anonymous_2)
FNDA:0,(anonymous_3)
FNDA:0,(anonymous_4)
FNDA:0,(anonymous_5)
FNDA:0,(anonymous_6)
FNDA:0,(anonymous_7)
FNDA:0,(anonymous_8)
FNDA:0,(anonymous_9)
FNDA:0,(anonymous_10)
FNDA:0,(anonymous_11)
DA:1,2
DA:24,2
DA:37,2
DA:42,0
DA:45,0
DA:48,0
DA:51,0
DA:54,0
DA:57,0
DA:60,0
DA:63,0
DA:64,0
DA:68,0
DA:71,0
DA:72,0
DA:73,0
DA:76,0
DA:77,0
DA:78,0
DA:83,2
DA:97,2
LF:21
LH:5
BRDA:45,0,0,0
BRDA:45,0,1,0
BRDA:73,1,0,0
BRDA:73,1,1,0
BRF:4
BRH:0
end_of_record
TN:
SF:src\store\slices\userSlice.ts
FN:30,(anonymous_0)
FN:35,(anonymous_1)
FN:40,(anonymous_2)
FN:43,(anonymous_3)
FN:47,(anonymous_4)
FNF:5
FNH:0
FNDA:0,(anonymous_0)
FNDA:0,(anonymous_1)
FNDA:0,(anonymous_2)
FNDA:0,(anonymous_3)
FNDA:0,(anonymous_4)
DA:1,2
DA:19,2
DA:26,2
DA:31,0
DA:32,0
DA:33,0
DA:36,0
DA:37,0
DA:38,0
DA:41,0
DA:44,0
DA:45,0
DA:48,0
DA:53,2
DA:55,2
LF:15
LH:5
BRF:0
BRH:0
end_of_record
TN:
SF:src\styles\theme.ts
FNF:0
FNH:0
DA:4,0
DA:91,0
DA:126,0
DA:136,0
LF:4
LH:0
BRF:0
BRH:0
end_of_record
TN:
SF:src\types\auth.ts
FN:4,(anonymous_0)
FN:163,(anonymous_1)
FNF:2
FNH:2
FNDA:2,(anonymous_0)
FNDA:2,(anonymous_1)
DA:4,2
DA:5,2
DA:6,2
DA:163,2
DA:164,2
DA:165,2
DA:166,2
DA:167,2
DA:168,2
DA:169,2
DA:170,2
DA:171,2
DA:172,2
DA:173,2
DA:174,2
DA:175,2
LF:16
LH:16
BRDA:4,0,0,2
BRDA:4,0,1,2
BRDA:163,1,0,2
BRDA:163,1,1,2
BRF:4
BRH:4
end_of_record
TN:
SF:src\utils\auth.ts
FN:15,(anonymous_0)
FN:27,(anonymous_1)
FN:38,(anonymous_2)
FN:49,(anonymous_3)
FN:61,(anonymous_4)
FN:72,(anonymous_5)
FN:83,(anonymous_6)
FN:91,(anonymous_7)
FN:98,(anonymous_8)
FN:105,(anonymous_9)
FN:118,(anonymous_10)
FN:142,(anonymous_11)
FN:155,(anonymous_12)
FN:166,(anonymous_13)
FN:177,(anonymous_14)
FN:194,(anonymous_15)
FN:201,(anonymous_16)
FN:209,(anonymous_17)
FN:218,(anonymous_18)
FN:244,(anonymous_19)
FN:299,(anonymous_20)
FN:327,(anonymous_21)
FN:373,(anonymous_22)
FN:381,(anonymous_23)
FN:388,(anonymous_24)
FN:395,(anonymous_25)
FN:424,(anonymous_26)
FN:440,(anonymous_27)
FN:454,(anonymous_28)
FN:455,(anonymous_29)
FN:470,(anonymous_30)
FN:478,(anonymous_31)
FN:487,(anonymous_32)
FNF:33
FNH:0
FNDA:0,(anonymous_0)
FNDA:0,(anonymous_1)
FNDA:0,(anonymous_2)
FNDA:0,(anonymous_3)
FNDA:0,(anonymous_4)
FNDA:0,(anonymous_5)
FNDA:0,(anonymous_6)
FNDA:0,(anonymous_7)
FNDA:0,(anonymous_8)
FNDA:0,(anonymous_9)
FNDA:0,(anonymous_10)
FNDA:0,(anonymous_11)
FNDA:0,(anonymous_12)
FNDA:0,(anonymous_13)
FNDA:0,(anonymous_14)
FNDA:0,(anonymous_15)
FNDA:0,(anonymous_16)
FNDA:0,(anonymous_17)
FNDA:0,(anonymous_18)
FNDA:0,(anonymous_19)
FNDA:0,(anonymous_20)
FNDA:0,(anonymous_21)
FNDA:0,(anonymous_22)
FNDA:0,(anonymous_23)
FNDA:0,(anonymous_24)
FNDA:0,(anonymous_25)
FNDA:0,(anonymous_26)
FNDA:0,(anonymous_27)
FNDA:0,(anonymous_28)
FNDA:0,(anonymous_29)
FNDA:0,(anonymous_30)
FNDA:0,(anonymous_31)
FNDA:0,(anonymous_32)
DA:4,1
DA:5,1
DA:6,1
DA:11,1
DA:16,0
DA:17,0
DA:19,0
DA:20,0
DA:28,0
DA:29,0
DA:31,0
DA:39,0
DA:40,0
DA:42,0
DA:50,0
DA:51,0
DA:53,0
DA:54,0
DA:62,0
DA:63,0
DA:65,0
DA:73,0
DA:74,0
DA:76,0
DA:84,0
DA:85,0
DA:92,0
DA:99,0
DA:100,0
DA:101,0
DA:102,0
DA:105,0
DA:108,0
DA:110,0
DA:111,0
DA:119,0
DA:120,0
DA:122,0
DA:123,0
DA:124,0
DA:126,0
DA:127,0
DA:129,0
DA:130,0
DA:138,1
DA:143,0
DA:144,0
DA:145,0
DA:147,0
DA:148,0
DA:156,0
DA:157,0
DA:159,0
DA:167,0
DA:168,0
DA:170,0
DA:178,0
DA:179,0
DA:181,0
DA:182,0
DA:183,0
DA:190,1
DA:195,0
DA:202,0
DA:203,0
DA:210,0
DA:211,0
DA:212,0
DA:219,0
DA:220,0
DA:221,0
DA:223,0
DA:230,1
DA:249,0
DA:250,0
DA:253,0
DA:254,0
DA:256,0
DA:259,0
DA:260,0
DA:264,0
DA:265,0
DA:267,0
DA:271,0
DA:272,0
DA:274,0
DA:278,0
DA:279,0
DA:281,0
DA:285,0
DA:286,0
DA:288,0
DA:292,0
DA:299,0
DA:300,0
DA:301,0
DA:302,0
DA:307,0
DA:308,0
DA:309,0
DA:310,0
DA:311,0
DA:312,0
DA:314,0
DA:317,0
DA:328,0
DA:330,0
DA:331,0
DA:332,0
DA:335,0
DA:336,0
DA:339,0
DA:340,0
DA:343,0
DA:344,0
DA:347,0
DA:348,0
DA:351,0
DA:352,0
DA:355,0
DA:356,0
DA:359,0
DA:369,1
DA:374,0
DA:375,0
DA:382,0
DA:389,0
DA:397,0
DA:398,0
DA:399,0
DA:403,0
DA:404,0
DA:408,0
DA:409,0
DA:413,0
DA:420,1
DA:425,0
DA:426,0
DA:428,0
DA:429,0
DA:430,0
DA:431,0
DA:434,0
DA:441,0
DA:442,0
DA:444,0
DA:445,0
DA:448,0
DA:455,0
DA:456,0
DA:457,0
DA:458,0
DA:466,1
DA:471,0
DA:472,0
DA:480,0
DA:481,0
DA:488,0
DA:489,0
DA:494,1
LF:160
LH:11
BRDA:119,0,0,0
BRDA:119,0,1,0
BRDA:120,1,0,0
BRDA:120,1,1,0
BRDA:124,2,0,0
BRDA:124,2,1,0
BRDA:124,3,0,0
BRDA:124,3,1,0
BRDA:145,4,0,0
BRDA:145,4,1,0
BRDA:179,5,0,0
BRDA:179,5,1,0
BRDA:195,6,0,0
BRDA:195,6,1,0
BRDA:195,6,2,0
BRDA:253,7,0,0
BRDA:253,7,1,0
BRDA:259,8,0,0
BRDA:259,8,1,0
BRDA:264,9,0,0
BRDA:264,9,1,0
BRDA:271,10,0,0
BRDA:271,10,1,0
BRDA:278,11,0,0
BRDA:278,11,1,0
BRDA:285,12,0,0
BRDA:285,12,1,0
BRDA:300,13,0,0
BRDA:300,13,1,0
BRDA:307,14,0,0
BRDA:307,14,1,0
BRDA:309,15,0,0
BRDA:309,15,1,0
BRDA:311,16,0,0
BRDA:311,16,1,0
BRDA:330,17,0,0
BRDA:330,17,1,0
BRDA:335,18,0,0
BRDA:335,18,1,0
BRDA:339,19,0,0
BRDA:339,19,1,0
BRDA:343,20,0,0
BRDA:343,20,1,0
BRDA:347,21,0,0
BRDA:347,21,1,0
BRDA:351,22,0,0
BRDA:351,22,1,0
BRDA:355,23,0,0
BRDA:355,23,1,0
BRDA:374,24,0,0
BRDA:374,24,1,0
BRDA:374,25,0,0
BRDA:374,25,1,0
BRDA:398,26,0,0
BRDA:398,26,1,0
BRDA:403,27,0,0
BRDA:403,27,1,0
BRDA:408,28,0,0
BRDA:408,28,1,0
BRDA:408,29,0,0
BRDA:408,29,1,0
BRDA:426,30,0,0
BRDA:426,30,1,0
BRDA:440,31,0,0
BRDA:457,32,0,0
BRDA:457,32,1,0
BRF:66
BRH:0
end_of_record
TN:
SF:src\utils\index.ts
FN:9,(anonymous_1)
FN:10,(anonymous_2)
FN:11,(anonymous_3)
FN:12,(anonymous_4)
FN:13,(anonymous_5)
FN:14,(anonymous_6)
FN:15,(anonymous_7)
FN:17,(anonymous_8)
FN:20,(anonymous_9)
FN:21,(anonymous_10)
FN:25,(anonymous_11)
FN:30,(anonymous_12)
FNF:12
FNH:0
FNDA:0,(anonymous_1)
FNDA:0,(anonymous_2)
FNDA:0,(anonymous_3)
FNDA:0,(anonymous_4)
FNDA:0,(anonymous_5)
FNDA:0,(anonymous_6)
FNDA:0,(anonymous_7)
FNDA:0,(anonymous_8)
FNDA:0,(anonymous_9)
FNDA:0,(anonymous_10)
FNDA:0,(anonymous_11)
FNDA:0,(anonymous_12)
DA:8,1
DA:9,1
DA:10,1
DA:11,1
DA:12,1
DA:13,1
DA:14,1
DA:15,1
DA:17,1
DA:20,1
DA:21,0
DA:25,1
DA:26,0
DA:30,1
DA:31,0
LF:15
LH:12
BRF:0
BRH:0
end_of_record
TN:
SF:src\utils\lazyLoad.tsx
FN:6,(anonymous_0)
FN:21,(anonymous_1)
FN:36,(anonymous_2)
FN:62,(anonymous_3)
FN:67,(anonymous_4)
FN:71,(anonymous_5)
FN:75,(anonymous_6)
FN:83,(anonymous_7)
FN:121,lazyLoad
FN:133,(anonymous_9)
FN:139,(anonymous_10)
FN:140,(anonymous_11)
FN:155,(anonymous_12)
FN:166,(anonymous_13)
FN:193,lazyLoadPage
FN:205,lazyLoadComponent
FN:217,preloadComponent
FN:221,(anonymous_17)
FN:224,(anonymous_18)
FN:230,preloadComponents
FN:234,(anonymous_20)
FN:235,(anonymous_21)
FN:236,(anonymous_22)
FN:240,(anonymous_23)
FN:245,preloadRoute
FNF:25
FNH:0
FNDA:0,(anonymous_0)
FNDA:0,(anonymous_1)
FNDA:0,(anonymous_2)
FNDA:0,(anonymous_3)
FNDA:0,(anonymous_4)
FNDA:0,(anonymous_5)
FNDA:0,(anonymous_6)
FNDA:0,(anonymous_7)
FNDA:0,lazyLoad
FNDA:0,(anonymous_9)
FNDA:0,(anonymous_10)
FNDA:0,(anonymous_11)
FNDA:0,(anonymous_12)
FNDA:0,(anonymous_13)
FNDA:0,lazyLoadPage
FNDA:0,lazyLoadComponent
FNDA:0,preloadComponent
FNDA:0,(anonymous_17)
FNDA:0,(anonymous_18)
FNDA:0,preloadComponents
FNDA:0,(anonymous_20)
FNDA:0,(anonymous_21)
FNDA:0,(anonymous_22)
FNDA:0,(anonymous_23)
FNDA:0,preloadRoute
DA:6,0
DA:7,0
DA:21,0
DA:22,0
DA:36,0
DA:37,0
DA:63,0
DA:64,0
DA:68,0
DA:72,0
DA:75,0
DA:76,0
DA:80,0
DA:84,0
DA:85,0
DA:116,0
DA:130,0
DA:133,0
DA:136,0
DA:137,0
DA:139,0
DA:140,0
DA:143,0
DA:148,0
DA:150,0
DA:151,0
DA:154,0
DA:155,0
DA:160,0
DA:163,0
DA:166,0
DA:167,0
DA:170,0
DA:175,0
DA:176,0
DA:183,0
DA:187,0
DA:189,0
DA:196,0
DA:208,0
DA:220,0
DA:222,0
DA:225,0
DA:233,0
DA:234,0
DA:236,0
DA:237,0
DA:238,0
DA:240,0
DA:248,0
LF:50
LH:0
BRDA:84,0,0,0
BRDA:84,0,1,0
BRDA:123,1,0,0
BRDA:126,2,0,0
BRDA:127,3,0,0
BRDA:128,4,0,0
BRDA:129,5,0,0
BRDA:154,6,0,0
BRDA:154,6,1,0
BRDA:175,7,0,0
BRDA:175,7,1,0
BRDA:187,8,0,0
BRDA:187,8,1,0
BRDA:237,9,0,0
BRDA:237,9,1,0
BRF:15
BRH:0
end_of_record
TN:
SF:src\utils\testUtils.tsx
FN:11,customRender
FN:21,Wrapper
FNF:2
FNH:0
FNDA:0,customRender
FNDA:0,Wrapper
DA:19,0
DA:22,0
DA:31,0
LF:3
LH:0
BRDA:13,0,0,0
BRDA:14,1,0,0
BRF:2
BRH:0
end_of_record
